2025-03-26 12:36:57,308 - train - INFO - DynamicModel(
  (network): Sequential(
    (0): Linear(in_features=1, out_features=32, bias=True)
    (1): ReLU()
    (2): Linear(in_features=32, out_features=32, bias=True)
    (3): ReLU()
    (4): Linear(in_features=32, out_features=1, bias=True)
    (5): Identity()
  )
)
Trainable parameters: 1153
2025-03-26 12:37:00,664 - trainer - INFO -     epoch          : 1
2025-03-26 12:37:00,664 - trainer - INFO -     loss           : 0.2624236493060986
2025-03-26 12:37:00,664 - trainer - INFO -     mse            : 0.2624236493060986
2025-03-26 12:37:00,664 - trainer - INFO -     mae            : 0.385835654536883
2025-03-26 12:37:00,664 - trainer - INFO -     r2_score       : 0.7276811816729605
2025-03-26 12:37:00,664 - trainer - INFO -     rmse           : 0.4575437674919764
2025-03-26 12:37:00,664 - trainer - INFO -     val_loss       : 0.057223470881581306
2025-03-26 12:37:00,664 - trainer - INFO -     val_mse        : 0.057223470881581306
2025-03-26 12:37:00,664 - trainer - INFO -     val_mae        : 0.198358952999115
2025-03-26 12:37:00,664 - trainer - INFO -     val_r2_score   : 0.9444831795990467
2025-03-26 12:37:00,664 - trainer - INFO -     val_rmse       : 0.23912661522626877
2025-03-26 12:37:00,702 - trainer - INFO -     epoch          : 2
2025-03-26 12:37:00,702 - trainer - INFO -     loss           : 0.061987838428467515
2025-03-26 12:37:00,702 - trainer - INFO -     mse            : 0.061987838428467515
2025-03-26 12:37:00,702 - trainer - INFO -     mae            : 0.1999734510978063
2025-03-26 12:37:00,702 - trainer - INFO -     r2_score       : 0.904099906484286
2025-03-26 12:37:00,703 - trainer - INFO -     rmse           : 0.2396534303824107
2025-03-26 12:37:00,703 - trainer - INFO -     val_loss       : 0.05765516683459282
2025-03-26 12:37:00,703 - trainer - INFO -     val_mse        : 0.05765516683459282
2025-03-26 12:37:00,703 - trainer - INFO -     val_mae        : 0.20228665322065353
2025-03-26 12:37:00,703 - trainer - INFO -     val_r2_score   : 0.9430560767650604
2025-03-26 12:37:00,703 - trainer - INFO -     val_rmse       : 0.23880916088819504
2025-03-26 12:37:00,809 - trainer - INFO -     epoch          : 3
2025-03-26 12:37:00,809 - trainer - INFO -     loss           : 0.06008353407184283
2025-03-26 12:37:00,809 - trainer - INFO -     mse            : 0.06008353407184283
2025-03-26 12:37:00,809 - trainer - INFO -     mae            : 0.20473775863647461
2025-03-26 12:37:00,809 - trainer - INFO -     r2_score       : 0.9258168277641138
2025-03-26 12:37:00,809 - trainer - INFO -     rmse           : 0.2393344024817149
2025-03-26 12:37:00,809 - trainer - INFO -     val_loss       : 0.05377361550927162
2025-03-26 12:37:00,809 - trainer - INFO -     val_mse        : 0.05377361550927162
2025-03-26 12:37:00,809 - trainer - INFO -     val_mae        : 0.19774676859378815
2025-03-26 12:37:00,809 - trainer - INFO -     val_r2_score   : 0.948692386969924
2025-03-26 12:37:00,809 - trainer - INFO -     val_rmse       : 0.23189138621091843
2025-03-26 12:37:00,835 - trainer - INFO -     epoch          : 4
2025-03-26 12:37:00,835 - trainer - INFO -     loss           : 0.04843238964676857
2025-03-26 12:37:00,835 - trainer - INFO -     mse            : 0.04843238964676857
2025-03-26 12:37:00,835 - trainer - INFO -     mae            : 0.18535717825094858
2025-03-26 12:37:00,835 - trainer - INFO -     r2_score       : 0.9481960309048494
2025-03-26 12:37:00,835 - trainer - INFO -     rmse           : 0.21927527288595836
2025-03-26 12:37:00,835 - trainer - INFO -     val_loss       : 0.04662406072020531
2025-03-26 12:37:00,835 - trainer - INFO -     val_mse        : 0.04662406072020531
2025-03-26 12:37:00,835 - trainer - INFO -     val_mae        : 0.1836828887462616
2025-03-26 12:37:00,835 - trainer - INFO -     val_r2_score   : 0.954030979424715
2025-03-26 12:37:00,835 - trainer - INFO -     val_rmse       : 0.21373233199119568
2025-03-26 12:37:00,860 - trainer - INFO -     epoch          : 5
2025-03-26 12:37:00,860 - trainer - INFO -     loss           : 0.040909768516818684
2025-03-26 12:37:00,860 - trainer - INFO -     mse            : 0.040909768516818684
2025-03-26 12:37:00,860 - trainer - INFO -     mae            : 0.1749360496799151
2025-03-26 12:37:00,860 - trainer - INFO -     r2_score       : 0.9519369634489219
2025-03-26 12:37:00,861 - trainer - INFO -     rmse           : 0.20064999361832936
2025-03-26 12:37:00,861 - trainer - INFO -     val_loss       : 0.04699076525866985
2025-03-26 12:37:00,861 - trainer - INFO -     val_mse        : 0.04699076525866985
2025-03-26 12:37:00,861 - trainer - INFO -     val_mae        : 0.1777428612112999
2025-03-26 12:37:00,861 - trainer - INFO -     val_r2_score   : 0.9543452933430672
2025-03-26 12:37:00,861 - trainer - INFO -     val_rmse       : 0.21473130583763123
2025-03-26 12:37:00,886 - trainer - INFO -     epoch          : 6
2025-03-26 12:37:00,886 - trainer - INFO -     loss           : 0.04136128465955456
2025-03-26 12:37:00,886 - trainer - INFO -     mse            : 0.04136128465955456
2025-03-26 12:37:00,886 - trainer - INFO -     mae            : 0.17072146236896515
2025-03-26 12:37:00,886 - trainer - INFO -     r2_score       : 0.9520803249130646
2025-03-26 12:37:00,886 - trainer - INFO -     rmse           : 0.19976879358291627
2025-03-26 12:37:00,886 - trainer - INFO -     val_loss       : 0.04711636155843735
2025-03-26 12:37:00,886 - trainer - INFO -     val_mse        : 0.04711636155843735
2025-03-26 12:37:00,886 - trainer - INFO -     val_mae        : 0.184103824198246
2025-03-26 12:37:00,886 - trainer - INFO -     val_r2_score   : 0.9544892907142639
2025-03-26 12:37:00,886 - trainer - INFO -     val_rmse       : 0.2169220894575119
2025-03-26 12:37:00,911 - trainer - INFO -     epoch          : 7
2025-03-26 12:37:00,911 - trainer - INFO -     loss           : 0.04515947625041008
2025-03-26 12:37:00,911 - trainer - INFO -     mse            : 0.04515947625041008
2025-03-26 12:37:00,911 - trainer - INFO -     mae            : 0.18245096802711486
2025-03-26 12:37:00,911 - trainer - INFO -     r2_score       : 0.9556019682437181
2025-03-26 12:37:00,911 - trainer - INFO -     rmse           : 0.20928634206453958
2025-03-26 12:37:00,911 - trainer - INFO -     val_loss       : 0.051727982237935066
2025-03-26 12:37:00,911 - trainer - INFO -     val_mse        : 0.051727982237935066
2025-03-26 12:37:00,911 - trainer - INFO -     val_mae        : 0.19627349823713303
2025-03-26 12:37:00,911 - trainer - INFO -     val_r2_score   : 0.9504849463701248
2025-03-26 12:37:00,911 - trainer - INFO -     val_rmse       : 0.2274239882826805
2025-03-26 12:37:00,936 - trainer - INFO -     epoch          : 8
2025-03-26 12:37:00,936 - trainer - INFO -     loss           : 0.04854949762423833
2025-03-26 12:37:00,936 - trainer - INFO -     mse            : 0.04854949762423833
2025-03-26 12:37:00,936 - trainer - INFO -     mae            : 0.18397570451100667
2025-03-26 12:37:00,936 - trainer - INFO -     r2_score       : 0.9447749537726243
2025-03-26 12:37:00,937 - trainer - INFO -     rmse           : 0.2188514808813731
2025-03-26 12:37:00,937 - trainer - INFO -     val_loss       : 0.05534657463431358
2025-03-26 12:37:00,937 - trainer - INFO -     val_mse        : 0.05534657463431358
2025-03-26 12:37:00,937 - trainer - INFO -     val_mae        : 0.2026347815990448
2025-03-26 12:37:00,937 - trainer - INFO -     val_r2_score   : 0.9464846756309271
2025-03-26 12:37:00,937 - trainer - INFO -     val_rmse       : 0.23518101125955582
2025-03-26 12:37:00,961 - trainer - INFO -     epoch          : 9
2025-03-26 12:37:00,961 - trainer - INFO -     loss           : 0.04241974630082647
2025-03-26 12:37:00,961 - trainer - INFO -     mse            : 0.04241974630082647
2025-03-26 12:37:00,961 - trainer - INFO -     mae            : 0.17283262411753336
2025-03-26 12:37:00,961 - trainer - INFO -     r2_score       : 0.9546245657062779
2025-03-26 12:37:00,962 - trainer - INFO -     rmse           : 0.20115670040249825
2025-03-26 12:37:00,962 - trainer - INFO -     val_loss       : 0.050288548693060875
2025-03-26 12:37:00,962 - trainer - INFO -     val_mse        : 0.050288548693060875
2025-03-26 12:37:00,962 - trainer - INFO -     val_mae        : 0.1892285794019699
2025-03-26 12:37:00,962 - trainer - INFO -     val_r2_score   : 0.9498865641653538
2025-03-26 12:37:00,962 - trainer - INFO -     val_rmse       : 0.22381038963794708
2025-03-26 12:37:00,987 - trainer - INFO -     epoch          : 10
2025-03-26 12:37:00,987 - trainer - INFO -     loss           : 0.04513123581806819
2025-03-26 12:37:00,987 - trainer - INFO -     mse            : 0.04513123581806819
2025-03-26 12:37:00,987 - trainer - INFO -     mae            : 0.17795037130514782
2025-03-26 12:37:00,987 - trainer - INFO -     r2_score       : 0.9489821892231702
2025-03-26 12:37:00,987 - trainer - INFO -     rmse           : 0.21200708349545797
2025-03-26 12:37:00,987 - trainer - INFO -     val_loss       : 0.0455109179019928
2025-03-26 12:37:00,987 - trainer - INFO -     val_mse        : 0.0455109179019928
2025-03-26 12:37:00,987 - trainer - INFO -     val_mae        : 0.18438004702329636
2025-03-26 12:37:00,987 - trainer - INFO -     val_r2_score   : 0.9513923469930887
2025-03-26 12:37:00,987 - trainer - INFO -     val_rmse       : 0.21263747662305832
2025-03-26 12:37:00,988 - trainer - INFO - Saving checkpoint: saved/models/basic_experiment/0326_123657/checkpoint-epoch10.pth ...
2025-03-26 12:37:01,013 - trainer - INFO -     epoch          : 11
2025-03-26 12:37:01,013 - trainer - INFO -     loss           : 0.044982974603772166
2025-03-26 12:37:01,013 - trainer - INFO -     mse            : 0.044982974603772166
2025-03-26 12:37:01,013 - trainer - INFO -     mae            : 0.18236531913280488
2025-03-26 12:37:01,013 - trainer - INFO -     r2_score       : 0.9540225299696128
2025-03-26 12:37:01,013 - trainer - INFO -     rmse           : 0.2114180415868759
2025-03-26 12:37:01,013 - trainer - INFO -     val_loss       : 0.050296008586883545
2025-03-26 12:37:01,013 - trainer - INFO -     val_mse        : 0.050296008586883545
2025-03-26 12:37:01,013 - trainer - INFO -     val_mae        : 0.1941584199666977
2025-03-26 12:37:01,013 - trainer - INFO -     val_r2_score   : 0.9489027783274651
2025-03-26 12:37:01,013 - trainer - INFO -     val_rmse       : 0.22426587343215942
2025-03-26 12:37:01,038 - trainer - INFO -     epoch          : 12
2025-03-26 12:37:01,038 - trainer - INFO -     loss           : 0.03900924865156412
2025-03-26 12:37:01,038 - trainer - INFO -     mse            : 0.03900924865156412
2025-03-26 12:37:01,038 - trainer - INFO -     mae            : 0.16620336870352428
2025-03-26 12:37:01,038 - trainer - INFO -     r2_score       : 0.8364404817422231
2025-03-26 12:37:01,038 - trainer - INFO -     rmse           : 0.19349186768134435
2025-03-26 12:37:01,038 - trainer - INFO -     val_loss       : 0.04851606674492359
2025-03-26 12:37:01,038 - trainer - INFO -     val_mse        : 0.04851606674492359
2025-03-26 12:37:01,038 - trainer - INFO -     val_mae        : 0.17908504605293274
2025-03-26 12:37:01,038 - trainer - INFO -     val_r2_score   : 0.9512004591524601
2025-03-26 12:37:01,038 - trainer - INFO -     val_rmse       : 0.21824780851602554
2025-03-26 12:37:01,063 - trainer - INFO -     epoch          : 13
2025-03-26 12:37:01,063 - trainer - INFO -     loss           : 0.04681915280719598
2025-03-26 12:37:01,063 - trainer - INFO -     mse            : 0.04681915280719598
2025-03-26 12:37:01,063 - trainer - INFO -     mae            : 0.18151392141977946
2025-03-26 12:37:01,064 - trainer - INFO -     r2_score       : 0.9437788593272368
2025-03-26 12:37:01,064 - trainer - INFO -     rmse           : 0.2138652374347051
2025-03-26 12:37:01,064 - trainer - INFO -     val_loss       : 0.058076707646250725
2025-03-26 12:37:01,064 - trainer - INFO -     val_mse        : 0.058076707646250725
2025-03-26 12:37:01,064 - trainer - INFO -     val_mae        : 0.19334059208631516
2025-03-26 12:37:01,064 - trainer - INFO -     val_r2_score   : 0.9385681673884392
2025-03-26 12:37:01,064 - trainer - INFO -     val_rmse       : 0.24025746434926987
2025-03-26 12:37:01,088 - trainer - INFO -     epoch          : 14
2025-03-26 12:37:01,088 - trainer - INFO -     loss           : 0.05125744367639224
2025-03-26 12:37:01,089 - trainer - INFO -     mse            : 0.05125744367639224
2025-03-26 12:37:01,089 - trainer - INFO -     mae            : 0.1896921505530675
2025-03-26 12:37:01,089 - trainer - INFO -     r2_score       : 0.9395159378647804
2025-03-26 12:37:01,089 - trainer - INFO -     rmse           : 0.22456721663475038
2025-03-26 12:37:01,089 - trainer - INFO -     val_loss       : 0.05812683701515198
2025-03-26 12:37:01,089 - trainer - INFO -     val_mse        : 0.05812683701515198
2025-03-26 12:37:01,089 - trainer - INFO -     val_mae        : 0.19323056191205978
2025-03-26 12:37:01,089 - trainer - INFO -     val_r2_score   : 0.9417335111647844
2025-03-26 12:37:01,089 - trainer - INFO -     val_rmse       : 0.2410503625869751
2025-03-26 12:37:01,114 - trainer - INFO -     epoch          : 15
2025-03-26 12:37:01,114 - trainer - INFO -     loss           : 0.04987396275003751
2025-03-26 12:37:01,114 - trainer - INFO -     mse            : 0.04987396275003751
2025-03-26 12:37:01,114 - trainer - INFO -     mae            : 0.1878249297539393
2025-03-26 12:37:01,114 - trainer - INFO -     r2_score       : 0.890612880140543
2025-03-26 12:37:01,114 - trainer - INFO -     rmse           : 0.22104789316654205
2025-03-26 12:37:01,114 - trainer - INFO -     val_loss       : 0.053665030747652054
2025-03-26 12:37:01,114 - trainer - INFO -     val_mse        : 0.053665030747652054
2025-03-26 12:37:01,114 - trainer - INFO -     val_mae        : 0.18618717789649963
2025-03-26 12:37:01,114 - trainer - INFO -     val_r2_score   : 0.9448670651763678
2025-03-26 12:37:01,114 - trainer - INFO -     val_rmse       : 0.2305203676223755
2025-03-26 12:37:01,139 - trainer - INFO -     epoch          : 16
2025-03-26 12:37:01,139 - trainer - INFO -     loss           : 0.04465586592753728
2025-03-26 12:37:01,139 - trainer - INFO -     mse            : 0.04465586592753728
2025-03-26 12:37:01,139 - trainer - INFO -     mae            : 0.17897657056649527
2025-03-26 12:37:01,139 - trainer - INFO -     r2_score       : 0.9373662445694209
2025-03-26 12:37:01,139 - trainer - INFO -     rmse           : 0.21002866327762604
2025-03-26 12:37:01,140 - trainer - INFO -     val_loss       : 0.04594099894165993
2025-03-26 12:37:01,140 - trainer - INFO -     val_mse        : 0.04594099894165993
2025-03-26 12:37:01,140 - trainer - INFO -     val_mae        : 0.1834016516804695
2025-03-26 12:37:01,140 - trainer - INFO -     val_r2_score   : 0.9517088104039431
2025-03-26 12:37:01,140 - trainer - INFO -     val_rmse       : 0.21421168744564056
2025-03-26 12:37:01,165 - trainer - INFO -     epoch          : 17
2025-03-26 12:37:01,165 - trainer - INFO -     loss           : 0.04414784597853819
2025-03-26 12:37:01,165 - trainer - INFO -     mse            : 0.04414784597853819
2025-03-26 12:37:01,165 - trainer - INFO -     mae            : 0.18092431525389355
2025-03-26 12:37:01,165 - trainer - INFO -     r2_score       : 0.942417998611927
2025-03-26 12:37:01,165 - trainer - INFO -     rmse           : 0.20898005366325378
2025-03-26 12:37:01,165 - trainer - INFO -     val_loss       : 0.05202670767903328
2025-03-26 12:37:01,165 - trainer - INFO -     val_mse        : 0.05202670767903328
2025-03-26 12:37:01,165 - trainer - INFO -     val_mae        : 0.1903739646077156
2025-03-26 12:37:01,165 - trainer - INFO -     val_r2_score   : 0.9493877552449703
2025-03-26 12:37:01,165 - trainer - INFO -     val_rmse       : 0.22755274176597595
2025-03-26 12:37:01,190 - trainer - INFO -     epoch          : 18
2025-03-26 12:37:01,190 - trainer - INFO -     loss           : 0.052316354711850484
2025-03-26 12:37:01,190 - trainer - INFO -     mse            : 0.052316354711850484
2025-03-26 12:37:01,190 - trainer - INFO -     mae            : 0.19621712764104207
2025-03-26 12:37:01,190 - trainer - INFO -     r2_score       : 0.8985862749318282
2025-03-26 12:37:01,190 - trainer - INFO -     rmse           : 0.22786552508672078
2025-03-26 12:37:01,190 - trainer - INFO -     val_loss       : 0.059799665585160255
2025-03-26 12:37:01,190 - trainer - INFO -     val_mse        : 0.059799665585160255
2025-03-26 12:37:01,190 - trainer - INFO -     val_mae        : 0.19798726588487625
2025-03-26 12:37:01,190 - trainer - INFO -     val_r2_score   : 0.9323450550436974
2025-03-26 12:37:01,190 - trainer - INFO -     val_rmse       : 0.24357161670923233
2025-03-26 12:37:01,215 - trainer - INFO -     epoch          : 19
2025-03-26 12:37:01,215 - trainer - INFO -     loss           : 0.05669599970181783
2025-03-26 12:37:01,215 - trainer - INFO -     mse            : 0.05669599970181783
2025-03-26 12:37:01,215 - trainer - INFO -     mae            : 0.2029794842004776
2025-03-26 12:37:01,215 - trainer - INFO -     r2_score       : 0.941284779459238
2025-03-26 12:37:01,215 - trainer - INFO -     rmse           : 0.2355049341917038
2025-03-26 12:37:01,215 - trainer - INFO -     val_loss       : 0.05285824090242386
2025-03-26 12:37:01,215 - trainer - INFO -     val_mse        : 0.05285824090242386
2025-03-26 12:37:01,215 - trainer - INFO -     val_mae        : 0.19489912688732147
2025-03-26 12:37:01,215 - trainer - INFO -     val_r2_score   : 0.9493543691933155
2025-03-26 12:37:01,215 - trainer - INFO -     val_rmse       : 0.2289799526333809
2025-03-26 12:37:01,240 - trainer - INFO -     epoch          : 20
2025-03-26 12:37:01,240 - trainer - INFO -     loss           : 0.0494978241622448
2025-03-26 12:37:01,240 - trainer - INFO -     mse            : 0.0494978241622448
2025-03-26 12:37:01,240 - trainer - INFO -     mae            : 0.1863801548878352
2025-03-26 12:37:01,240 - trainer - INFO -     r2_score       : 0.9467064062754313
2025-03-26 12:37:01,240 - trainer - INFO -     rmse           : 0.2203034540017446
2025-03-26 12:37:01,240 - trainer - INFO -     val_loss       : 0.05034877359867096
2025-03-26 12:37:01,240 - trainer - INFO -     val_mse        : 0.05034877359867096
2025-03-26 12:37:01,240 - trainer - INFO -     val_mae        : 0.1912965103983879
2025-03-26 12:37:01,240 - trainer - INFO -     val_r2_score   : 0.9491646699607372
2025-03-26 12:37:01,240 - trainer - INFO -     val_rmse       : 0.2243853211402893
2025-03-26 12:37:01,241 - trainer - INFO - Saving checkpoint: saved/models/basic_experiment/0326_123657/checkpoint-epoch20.pth ...
2025-03-26 12:37:01,266 - trainer - INFO -     epoch          : 21
2025-03-26 12:37:01,266 - trainer - INFO -     loss           : 0.04221509223182996
2025-03-26 12:37:01,266 - trainer - INFO -     mse            : 0.04221509223182996
2025-03-26 12:37:01,266 - trainer - INFO -     mae            : 0.17447178264458973
2025-03-26 12:37:01,266 - trainer - INFO -     r2_score       : 0.9525464413066705
2025-03-26 12:37:01,266 - trainer - INFO -     rmse           : 0.20387616952260335
2025-03-26 12:37:01,266 - trainer - INFO -     val_loss       : 0.052265699952840805
2025-03-26 12:37:01,266 - trainer - INFO -     val_mse        : 0.052265699952840805
2025-03-26 12:37:01,266 - trainer - INFO -     val_mae        : 0.19578617066144943
2025-03-26 12:37:01,266 - trainer - INFO -     val_r2_score   : 0.9497678373008966
2025-03-26 12:37:01,266 - trainer - INFO -     val_rmse       : 0.22861257940530777
2025-03-26 12:37:01,292 - trainer - INFO -     epoch          : 22
2025-03-26 12:37:01,292 - trainer - INFO -     loss           : 0.04326004634300868
2025-03-26 12:37:01,292 - trainer - INFO -     mse            : 0.04326004634300868
2025-03-26 12:37:01,292 - trainer - INFO -     mae            : 0.17541626592477164
2025-03-26 12:37:01,292 - trainer - INFO -     r2_score       : 0.9521713015933831
2025-03-26 12:37:01,292 - trainer - INFO -     rmse           : 0.20766132275263469
2025-03-26 12:37:01,292 - trainer - INFO -     val_loss       : 0.04737451672554016
2025-03-26 12:37:01,292 - trainer - INFO -     val_mse        : 0.04737451672554016
2025-03-26 12:37:01,292 - trainer - INFO -     val_mae        : 0.18279339373111725
2025-03-26 12:37:01,292 - trainer - INFO -     val_r2_score   : 0.9532799012959003
2025-03-26 12:37:01,292 - trainer - INFO -     val_rmse       : 0.21739628165960312
2025-03-26 12:37:01,317 - trainer - INFO -     epoch          : 23
2025-03-26 12:37:01,318 - trainer - INFO -     loss           : 0.043869109451770784
2025-03-26 12:37:01,318 - trainer - INFO -     mse            : 0.043869109451770784
2025-03-26 12:37:01,318 - trainer - INFO -     mae            : 0.17933784226576488
2025-03-26 12:37:01,318 - trainer - INFO -     r2_score       : 0.9291987112412851
2025-03-26 12:37:01,318 - trainer - INFO -     rmse           : 0.20840644240379333
2025-03-26 12:37:01,318 - trainer - INFO -     val_loss       : 0.05792744643986225
2025-03-26 12:37:01,318 - trainer - INFO -     val_mse        : 0.05792744643986225
2025-03-26 12:37:01,318 - trainer - INFO -     val_mae        : 0.20468783378601074
2025-03-26 12:37:01,318 - trainer - INFO -     val_r2_score   : 0.9434797372668982
2025-03-26 12:37:01,318 - trainer - INFO -     val_rmse       : 0.23959341645240784
2025-03-26 12:37:01,342 - trainer - INFO -     epoch          : 24
2025-03-26 12:37:01,343 - trainer - INFO -     loss           : 0.04652270749211311
2025-03-26 12:37:01,343 - trainer - INFO -     mse            : 0.04652270749211311
2025-03-26 12:37:01,343 - trainer - INFO -     mae            : 0.18269534905751547
2025-03-26 12:37:01,343 - trainer - INFO -     r2_score       : 0.9494486829886833
2025-03-26 12:37:01,343 - trainer - INFO -     rmse           : 0.21512869397799175
2025-03-26 12:37:01,343 - trainer - INFO -     val_loss       : 0.047149209305644035
2025-03-26 12:37:01,343 - trainer - INFO -     val_mse        : 0.047149209305644035
2025-03-26 12:37:01,343 - trainer - INFO -     val_mae        : 0.18466048687696457
2025-03-26 12:37:01,343 - trainer - INFO -     val_r2_score   : 0.9547838680446148
2025-03-26 12:37:01,343 - trainer - INFO -     val_rmse       : 0.21711322665214539
2025-03-26 12:37:01,368 - trainer - INFO -     epoch          : 25
2025-03-26 12:37:01,368 - trainer - INFO -     loss           : 0.04158925550679366
2025-03-26 12:37:01,368 - trainer - INFO -     mse            : 0.04158925550679366
2025-03-26 12:37:01,368 - trainer - INFO -     mae            : 0.1725368599096934
2025-03-26 12:37:01,368 - trainer - INFO -     r2_score       : 0.9225196468333403
2025-03-26 12:37:01,368 - trainer - INFO -     rmse           : 0.2028937409321467
2025-03-26 12:37:01,368 - trainer - INFO -     val_loss       : 0.047624338418245316
2025-03-26 12:37:01,368 - trainer - INFO -     val_mse        : 0.047624338418245316
2025-03-26 12:37:01,368 - trainer - INFO -     val_mae        : 0.18243639916181564
2025-03-26 12:37:01,368 - trainer - INFO -     val_r2_score   : 0.9525695685297251
2025-03-26 12:37:01,368 - trainer - INFO -     val_rmse       : 0.21772679686546326
2025-03-26 12:37:01,393 - trainer - INFO -     epoch          : 26
2025-03-26 12:37:01,393 - trainer - INFO -     loss           : 0.04331562941273053
2025-03-26 12:37:01,393 - trainer - INFO -     mse            : 0.04331562941273053
2025-03-26 12:37:01,393 - trainer - INFO -     mae            : 0.17796607911586762
2025-03-26 12:37:01,393 - trainer - INFO -     r2_score       : 0.8739173916478952
2025-03-26 12:37:01,393 - trainer - INFO -     rmse           : 0.20763380229473113
2025-03-26 12:37:01,393 - trainer - INFO -     val_loss       : 0.04822197183966637
2025-03-26 12:37:01,393 - trainer - INFO -     val_mse        : 0.04822197183966637
2025-03-26 12:37:01,393 - trainer - INFO -     val_mae        : 0.18789713084697723
2025-03-26 12:37:01,393 - trainer - INFO -     val_r2_score   : 0.9405321944504976
2025-03-26 12:37:01,393 - trainer - INFO -     val_rmse       : 0.2180163562297821
2025-03-26 12:37:01,419 - trainer - INFO -     epoch          : 27
2025-03-26 12:37:01,419 - trainer - INFO -     loss           : 0.04437907685836156
2025-03-26 12:37:01,419 - trainer - INFO -     mse            : 0.04437907685836156
2025-03-26 12:37:01,419 - trainer - INFO -     mae            : 0.17965064843495687
2025-03-26 12:37:01,419 - trainer - INFO -     r2_score       : 0.9529773309826851
2025-03-26 12:37:01,419 - trainer - INFO -     rmse           : 0.20917097330093384
2025-03-26 12:37:01,419 - trainer - INFO -     val_loss       : 0.05463887192308903
2025-03-26 12:37:01,419 - trainer - INFO -     val_mse        : 0.05463887192308903
2025-03-26 12:37:01,419 - trainer - INFO -     val_mae        : 0.20726469159126282
2025-03-26 12:37:01,419 - trainer - INFO -     val_r2_score   : 0.9430482350289822
2025-03-26 12:37:01,419 - trainer - INFO -     val_rmse       : 0.23056987673044205
2025-03-26 12:37:01,444 - trainer - INFO -     epoch          : 28
2025-03-26 12:37:01,445 - trainer - INFO -     loss           : 0.04599947407841683
2025-03-26 12:37:01,445 - trainer - INFO -     mse            : 0.04599947407841683
2025-03-26 12:37:01,445 - trainer - INFO -     mae            : 0.18433147370815278
2025-03-26 12:37:01,445 - trainer - INFO -     r2_score       : 0.6909643021722635
2025-03-26 12:37:01,445 - trainer - INFO -     rmse           : 0.21367791493733723
2025-03-26 12:37:01,445 - trainer - INFO -     val_loss       : 0.049021732062101364
2025-03-26 12:37:01,445 - trainer - INFO -     val_mse        : 0.049021732062101364
2025-03-26 12:37:01,445 - trainer - INFO -     val_mae        : 0.1888909488916397
2025-03-26 12:37:01,445 - trainer - INFO -     val_r2_score   : 0.9505177978426218
2025-03-26 12:37:01,445 - trainer - INFO -     val_rmse       : 0.22133156657218933
2025-03-26 12:37:01,470 - trainer - INFO -     epoch          : 29
2025-03-26 12:37:01,470 - trainer - INFO -     loss           : 0.042058975001176196
2025-03-26 12:37:01,470 - trainer - INFO -     mse            : 0.042058975001176196
2025-03-26 12:37:01,470 - trainer - INFO -     mae            : 0.17517166038354237
2025-03-26 12:37:01,470 - trainer - INFO -     r2_score       : 0.9536198943853378
2025-03-26 12:37:01,470 - trainer - INFO -     rmse           : 0.20369964043299357
2025-03-26 12:37:01,470 - trainer - INFO -     val_loss       : 0.053746335208415985
2025-03-26 12:37:01,470 - trainer - INFO -     val_mse        : 0.053746335208415985
2025-03-26 12:37:01,470 - trainer - INFO -     val_mae        : 0.1925138309597969
2025-03-26 12:37:01,470 - trainer - INFO -     val_r2_score   : 0.9492273572832346
2025-03-26 12:37:01,470 - trainer - INFO -     val_rmse       : 0.23139876872301102
2025-03-26 12:37:01,495 - trainer - INFO -     epoch          : 30
2025-03-26 12:37:01,495 - trainer - INFO -     loss           : 0.04183229357004166
2025-03-26 12:37:01,495 - trainer - INFO -     mse            : 0.04183229357004166
2025-03-26 12:37:01,495 - trainer - INFO -     mae            : 0.17588252325852713
2025-03-26 12:37:01,495 - trainer - INFO -     r2_score       : 0.9320691999047994
2025-03-26 12:37:01,495 - trainer - INFO -     rmse           : 0.20289298991362253
2025-03-26 12:37:01,495 - trainer - INFO -     val_loss       : 0.05005525425076485
2025-03-26 12:37:01,495 - trainer - INFO -     val_mse        : 0.05005525425076485
2025-03-26 12:37:01,495 - trainer - INFO -     val_mae        : 0.19342109560966492
2025-03-26 12:37:01,495 - trainer - INFO -     val_r2_score   : 0.9440387599170208
2025-03-26 12:37:01,495 - trainer - INFO -     val_rmse       : 0.22340146452188492
2025-03-26 12:37:01,496 - trainer - INFO - Saving checkpoint: saved/models/basic_experiment/0326_123657/checkpoint-epoch30.pth ...
2025-03-26 12:37:01,520 - trainer - INFO -     epoch          : 31
2025-03-26 12:37:01,520 - trainer - INFO -     loss           : 0.04141129901011785
2025-03-26 12:37:01,520 - trainer - INFO -     mse            : 0.04141129901011785
2025-03-26 12:37:01,520 - trainer - INFO -     mae            : 0.17262819806734722
2025-03-26 12:37:01,520 - trainer - INFO -     r2_score       : 0.9564214674135049
2025-03-26 12:37:01,520 - trainer - INFO -     rmse           : 0.20267284214496611
2025-03-26 12:37:01,520 - trainer - INFO -     val_loss       : 0.04452354833483696
2025-03-26 12:37:01,520 - trainer - INFO -     val_mse        : 0.04452354833483696
2025-03-26 12:37:01,520 - trainer - INFO -     val_mae        : 0.17879608273506165
2025-03-26 12:37:01,520 - trainer - INFO -     val_r2_score   : 0.9561534188687801
2025-03-26 12:37:01,520 - trainer - INFO -     val_rmse       : 0.2100285291671753
2025-03-26 12:37:01,545 - trainer - INFO -     epoch          : 32
2025-03-26 12:37:01,545 - trainer - INFO -     loss           : 0.041465915429095425
2025-03-26 12:37:01,545 - trainer - INFO -     mse            : 0.041465915429095425
2025-03-26 12:37:01,545 - trainer - INFO -     mae            : 0.17153849601745605
2025-03-26 12:37:01,545 - trainer - INFO -     r2_score       : 0.9539877484242122
2025-03-26 12:37:01,545 - trainer - INFO -     rmse           : 0.2018310715754827
2025-03-26 12:37:01,545 - trainer - INFO -     val_loss       : 0.04916556365787983
2025-03-26 12:37:01,545 - trainer - INFO -     val_mse        : 0.04916556365787983
2025-03-26 12:37:01,545 - trainer - INFO -     val_mae        : 0.19123049080371857
2025-03-26 12:37:01,545 - trainer - INFO -     val_r2_score   : 0.9524247460067272
2025-03-26 12:37:01,545 - trainer - INFO -     val_rmse       : 0.22163326293230057
2025-03-26 12:37:01,570 - trainer - INFO -     epoch          : 33
2025-03-26 12:37:01,570 - trainer - INFO -     loss           : 0.04156691332658132
2025-03-26 12:37:01,570 - trainer - INFO -     mse            : 0.04156691332658132
2025-03-26 12:37:01,570 - trainer - INFO -     mae            : 0.17577089866002402
2025-03-26 12:37:01,570 - trainer - INFO -     r2_score       : 0.9575882673263549
2025-03-26 12:37:01,570 - trainer - INFO -     rmse           : 0.20322925448417664
2025-03-26 12:37:01,570 - trainer - INFO -     val_loss       : 0.047581590712070465
2025-03-26 12:37:01,570 - trainer - INFO -     val_mse        : 0.047581590712070465
2025-03-26 12:37:01,570 - trainer - INFO -     val_mae        : 0.1863468661904335
2025-03-26 12:37:01,570 - trainer - INFO -     val_r2_score   : 0.9538358170539141
2025-03-26 12:37:01,570 - trainer - INFO -     val_rmse       : 0.21812456846237183
2025-03-26 12:37:01,595 - trainer - INFO -     epoch          : 34
2025-03-26 12:37:01,595 - trainer - INFO -     loss           : 0.04097328844169776
2025-03-26 12:37:01,595 - trainer - INFO -     mse            : 0.04097328844169776
2025-03-26 12:37:01,596 - trainer - INFO -     mae            : 0.17164951314528784
2025-03-26 12:37:01,596 - trainer - INFO -     r2_score       : 0.952239187931021
2025-03-26 12:37:01,596 - trainer - INFO -     rmse           : 0.20061401526133218
2025-03-26 12:37:01,596 - trainer - INFO -     val_loss       : 0.04711147025227547
2025-03-26 12:37:01,596 - trainer - INFO -     val_mse        : 0.04711147025227547
2025-03-26 12:37:01,596 - trainer - INFO -     val_mae        : 0.18289586156606674
2025-03-26 12:37:01,596 - trainer - INFO -     val_r2_score   : 0.9479886125773191
2025-03-26 12:37:01,596 - trainer - INFO -     val_rmse       : 0.21700987219810486
2025-03-26 12:37:01,621 - trainer - INFO -     epoch          : 35
2025-03-26 12:37:01,621 - trainer - INFO -     loss           : 0.039906577804746726
2025-03-26 12:37:01,621 - trainer - INFO -     mse            : 0.039906577804746726
2025-03-26 12:37:01,621 - trainer - INFO -     mae            : 0.16723977228005726
2025-03-26 12:37:01,621 - trainer - INFO -     r2_score       : 0.95684313022842
2025-03-26 12:37:01,621 - trainer - INFO -     rmse           : 0.19486732656757036
2025-03-26 12:37:01,621 - trainer - INFO -     val_loss       : 0.0525486022233963
2025-03-26 12:37:01,621 - trainer - INFO -     val_mse        : 0.0525486022233963
2025-03-26 12:37:01,621 - trainer - INFO -     val_mae        : 0.19849077612161636
2025-03-26 12:37:01,621 - trainer - INFO -     val_r2_score   : 0.9404520522803068
2025-03-26 12:37:01,621 - trainer - INFO -     val_rmse       : 0.22833078354597092
2025-03-26 12:37:01,646 - trainer - INFO -     epoch          : 36
2025-03-26 12:37:01,646 - trainer - INFO -     loss           : 0.044726474086443584
2025-03-26 12:37:01,646 - trainer - INFO -     mse            : 0.044726474086443584
2025-03-26 12:37:01,646 - trainer - INFO -     mae            : 0.18321202596028646
2025-03-26 12:37:01,646 - trainer - INFO -     r2_score       : 0.9398585002869367
2025-03-26 12:37:01,646 - trainer - INFO -     rmse           : 0.20985128879547119
2025-03-26 12:37:01,646 - trainer - INFO -     val_loss       : 0.046209536492824554
2025-03-26 12:37:01,646 - trainer - INFO -     val_mse        : 0.046209536492824554
2025-03-26 12:37:01,646 - trainer - INFO -     val_mae        : 0.18384826928377151
2025-03-26 12:37:01,646 - trainer - INFO -     val_r2_score   : 0.9513453058898449
2025-03-26 12:37:01,646 - trainer - INFO -     val_rmse       : 0.2145014852285385
2025-03-26 12:37:01,671 - trainer - INFO -     epoch          : 37
2025-03-26 12:37:01,671 - trainer - INFO -     loss           : 0.042366076012452444
2025-03-26 12:37:01,671 - trainer - INFO -     mse            : 0.042366076012452444
2025-03-26 12:37:01,671 - trainer - INFO -     mae            : 0.17807857990264891
2025-03-26 12:37:01,671 - trainer - INFO -     r2_score       : -267.8400782289604
2025-03-26 12:37:01,671 - trainer - INFO -     rmse           : 0.20502625207106273
2025-03-26 12:37:01,671 - trainer - INFO -     val_loss       : 0.049567557871341705
2025-03-26 12:37:01,671 - trainer - INFO -     val_mse        : 0.049567557871341705
2025-03-26 12:37:01,671 - trainer - INFO -     val_mae        : 0.19171234965324402
2025-03-26 12:37:01,671 - trainer - INFO -     val_r2_score   : 0.953680444508791
2025-03-26 12:37:01,671 - trainer - INFO -     val_rmse       : 0.22205743193626404
2025-03-26 12:37:01,696 - trainer - INFO -     epoch          : 38
2025-03-26 12:37:01,696 - trainer - INFO -     loss           : 0.03869395091508825
2025-03-26 12:37:01,696 - trainer - INFO -     mse            : 0.03869395091508825
2025-03-26 12:37:01,696 - trainer - INFO -     mae            : 0.16560075481732686
2025-03-26 12:37:01,696 - trainer - INFO -     r2_score       : 0.9589340224396438
2025-03-26 12:37:01,696 - trainer - INFO -     rmse           : 0.19352634598811466
2025-03-26 12:37:01,696 - trainer - INFO -     val_loss       : 0.04878443293273449
2025-03-26 12:37:01,696 - trainer - INFO -     val_mse        : 0.04878443293273449
2025-03-26 12:37:01,696 - trainer - INFO -     val_mae        : 0.18866149336099625
2025-03-26 12:37:01,696 - trainer - INFO -     val_r2_score   : 0.9527310337871313
2025-03-26 12:37:01,696 - trainer - INFO -     val_rmse       : 0.22014165669679642
2025-03-26 12:37:01,721 - trainer - INFO -     epoch          : 39
2025-03-26 12:37:01,721 - trainer - INFO -     loss           : 0.04396380086739858
2025-03-26 12:37:01,721 - trainer - INFO -     mse            : 0.04396380086739858
2025-03-26 12:37:01,721 - trainer - INFO -     mae            : 0.18115919331709543
2025-03-26 12:37:01,721 - trainer - INFO -     r2_score       : 0.7861377127468586
2025-03-26 12:37:01,721 - trainer - INFO -     rmse           : 0.2089435229698817
2025-03-26 12:37:01,721 - trainer - INFO -     val_loss       : 0.04921017959713936
2025-03-26 12:37:01,721 - trainer - INFO -     val_mse        : 0.04921017959713936
2025-03-26 12:37:01,721 - trainer - INFO -     val_mae        : 0.1887221783399582
2025-03-26 12:37:01,721 - trainer - INFO -     val_r2_score   : 0.9506293162703514
2025-03-26 12:37:01,721 - trainer - INFO -     val_rmse       : 0.22177287936210632
2025-03-26 12:37:01,746 - trainer - INFO -     epoch          : 40
2025-03-26 12:37:01,746 - trainer - INFO -     loss           : 0.0486472524702549
2025-03-26 12:37:01,746 - trainer - INFO -     mse            : 0.0486472524702549
2025-03-26 12:37:01,746 - trainer - INFO -     mae            : 0.18700958291689554
2025-03-26 12:37:01,746 - trainer - INFO -     r2_score       : 0.9266569981972377
2025-03-26 12:37:01,746 - trainer - INFO -     rmse           : 0.21980830629666645
2025-03-26 12:37:01,746 - trainer - INFO -     val_loss       : 0.04806523770093918
2025-03-26 12:37:01,746 - trainer - INFO -     val_mse        : 0.04806523770093918
2025-03-26 12:37:01,746 - trainer - INFO -     val_mae        : 0.18695658445358276
2025-03-26 12:37:01,746 - trainer - INFO -     val_r2_score   : 0.9532098118215799
2025-03-26 12:37:01,746 - trainer - INFO -     val_rmse       : 0.21845348924398422
2025-03-26 12:37:01,747 - trainer - INFO - Saving checkpoint: saved/models/basic_experiment/0326_123657/checkpoint-epoch40.pth ...
2025-03-26 12:37:01,772 - trainer - INFO -     epoch          : 41
2025-03-26 12:37:01,772 - trainer - INFO -     loss           : 0.044617835183938345
2025-03-26 12:37:01,772 - trainer - INFO -     mse            : 0.044617835183938345
2025-03-26 12:37:01,772 - trainer - INFO -     mae            : 0.1813360462586085
2025-03-26 12:37:01,772 - trainer - INFO -     r2_score       : 0.7353297075877587
2025-03-26 12:37:01,772 - trainer - INFO -     rmse           : 0.21035747230052948
2025-03-26 12:37:01,772 - trainer - INFO -     val_loss       : 0.0503447987139225
2025-03-26 12:37:01,772 - trainer - INFO -     val_mse        : 0.0503447987139225
2025-03-26 12:37:01,772 - trainer - INFO -     val_mae        : 0.19232628494501114
2025-03-26 12:37:01,772 - trainer - INFO -     val_r2_score   : 0.9489840306341648
2025-03-26 12:37:01,772 - trainer - INFO -     val_rmse       : 0.22372587770223618
2025-03-26 12:37:01,796 - trainer - INFO -     epoch          : 42
2025-03-26 12:37:01,796 - trainer - INFO -     loss           : 0.04352503108481566
2025-03-26 12:37:01,797 - trainer - INFO -     mse            : 0.04352503108481566
2025-03-26 12:37:01,797 - trainer - INFO -     mae            : 0.18151205877463022
2025-03-26 12:37:01,797 - trainer - INFO -     r2_score       : 0.9525677806387345
2025-03-26 12:37:01,797 - trainer - INFO -     rmse           : 0.20663346747557323
2025-03-26 12:37:01,797 - trainer - INFO -     val_loss       : 0.0474439412355423
2025-03-26 12:37:01,797 - trainer - INFO -     val_mse        : 0.0474439412355423
2025-03-26 12:37:01,797 - trainer - INFO -     val_mae        : 0.1892695277929306
2025-03-26 12:37:01,797 - trainer - INFO -     val_r2_score   : 0.9508112985640764
2025-03-26 12:37:01,797 - trainer - INFO -     val_rmse       : 0.21748951077461243
2025-03-26 12:37:01,822 - trainer - INFO -     epoch          : 43
2025-03-26 12:37:01,822 - trainer - INFO -     loss           : 0.04312712413569291
2025-03-26 12:37:01,822 - trainer - INFO -     mse            : 0.04312712413569291
2025-03-26 12:37:01,822 - trainer - INFO -     mae            : 0.17836461464564005
2025-03-26 12:37:01,822 - trainer - INFO -     r2_score       : 0.9049171692381303
2025-03-26 12:37:01,822 - trainer - INFO -     rmse           : 0.20612601240475972
2025-03-26 12:37:01,822 - trainer - INFO -     val_loss       : 0.04661053605377674
2025-03-26 12:37:01,822 - trainer - INFO -     val_mse        : 0.04661053605377674
2025-03-26 12:37:01,822 - trainer - INFO -     val_mae        : 0.18608993291854858
2025-03-26 12:37:01,822 - trainer - INFO -     val_r2_score   : 0.9542997423559427
2025-03-26 12:37:01,822 - trainer - INFO -     val_rmse       : 0.215643472969532
2025-03-26 12:37:01,847 - trainer - INFO -     epoch          : 44
2025-03-26 12:37:01,847 - trainer - INFO -     loss           : 0.04266065855820974
2025-03-26 12:37:01,847 - trainer - INFO -     mse            : 0.04266065855820974
2025-03-26 12:37:01,847 - trainer - INFO -     mae            : 0.17724023759365082
2025-03-26 12:37:01,847 - trainer - INFO -     r2_score       : 0.9538011296341816
2025-03-26 12:37:01,847 - trainer - INFO -     rmse           : 0.20506713390350342
2025-03-26 12:37:01,847 - trainer - INFO -     val_loss       : 0.047355322167277336
2025-03-26 12:37:01,847 - trainer - INFO -     val_mse        : 0.047355322167277336
2025-03-26 12:37:01,847 - trainer - INFO -     val_mae        : 0.19021694362163544
2025-03-26 12:37:01,847 - trainer - INFO -     val_r2_score   : 0.9541242774575949
2025-03-26 12:37:01,847 - trainer - INFO -     val_rmse       : 0.2176002338528633
2025-03-26 12:37:01,872 - trainer - INFO -     epoch          : 45
2025-03-26 12:37:01,872 - trainer - INFO -     loss           : 0.040510751555363336
2025-03-26 12:37:01,872 - trainer - INFO -     mse            : 0.040510751555363336
2025-03-26 12:37:01,872 - trainer - INFO -     mae            : 0.17202166815598804
2025-03-26 12:37:01,872 - trainer - INFO -     r2_score       : 0.9350609126190345
2025-03-26 12:37:01,872 - trainer - INFO -     rmse           : 0.20102514425913492
2025-03-26 12:37:01,872 - trainer - INFO -     val_loss       : 0.04882543161511421
2025-03-26 12:37:01,872 - trainer - INFO -     val_mse        : 0.04882543161511421
2025-03-26 12:37:01,872 - trainer - INFO -     val_mae        : 0.1914338916540146
2025-03-26 12:37:01,872 - trainer - INFO -     val_r2_score   : 0.95058255456388
2025-03-26 12:37:01,872 - trainer - INFO -     val_rmse       : 0.22086765617132187
2025-03-26 12:37:01,898 - trainer - INFO -     epoch          : 46
2025-03-26 12:37:01,898 - trainer - INFO -     loss           : 0.03987403629968564
2025-03-26 12:37:01,898 - trainer - INFO -     mse            : 0.03987403629968564
2025-03-26 12:37:01,898 - trainer - INFO -     mae            : 0.16899256606896718
2025-03-26 12:37:01,898 - trainer - INFO -     r2_score       : 0.951570409288009
2025-03-26 12:37:01,898 - trainer - INFO -     rmse           : 0.1975132425626119
2025-03-26 12:37:01,898 - trainer - INFO -     val_loss       : 0.045461613684892654
2025-03-26 12:37:01,898 - trainer - INFO -     val_mse        : 0.045461613684892654
2025-03-26 12:37:01,898 - trainer - INFO -     val_mae        : 0.18366071581840515
2025-03-26 12:37:01,898 - trainer - INFO -     val_r2_score   : 0.9528057482093573
2025-03-26 12:37:01,898 - trainer - INFO -     val_rmse       : 0.21203085780143738
2025-03-26 12:37:01,923 - trainer - INFO -     epoch          : 47
2025-03-26 12:37:01,923 - trainer - INFO -     loss           : 0.038777265387276806
2025-03-26 12:37:01,923 - trainer - INFO -     mse            : 0.038777265387276806
2025-03-26 12:37:01,923 - trainer - INFO -     mae            : 0.16754435102144877
2025-03-26 12:37:01,923 - trainer - INFO -     r2_score       : 0.9438341009120147
2025-03-26 12:37:01,923 - trainer - INFO -     rmse           : 0.1942054475347201
2025-03-26 12:37:01,923 - trainer - INFO -     val_loss       : 0.04759876802563667
2025-03-26 12:37:01,923 - trainer - INFO -     val_mse        : 0.04759876802563667
2025-03-26 12:37:01,923 - trainer - INFO -     val_mae        : 0.1876666247844696
2025-03-26 12:37:01,923 - trainer - INFO -     val_r2_score   : 0.9538274016231298
2025-03-26 12:37:01,923 - trainer - INFO -     val_rmse       : 0.2180594578385353
2025-03-26 12:37:01,948 - trainer - INFO -     epoch          : 48
2025-03-26 12:37:01,948 - trainer - INFO -     loss           : 0.039316775649785994
2025-03-26 12:37:01,948 - trainer - INFO -     mse            : 0.039316775649785994
2025-03-26 12:37:01,948 - trainer - INFO -     mae            : 0.16916390061378478
2025-03-26 12:37:01,948 - trainer - INFO -     r2_score       : 0.8924768061687549
2025-03-26 12:37:01,948 - trainer - INFO -     rmse           : 0.19600223898887634
2025-03-26 12:37:01,948 - trainer - INFO -     val_loss       : 0.04815100133419037
2025-03-26 12:37:01,948 - trainer - INFO -     val_mse        : 0.04815100133419037
2025-03-26 12:37:01,948 - trainer - INFO -     val_mae        : 0.189902201294899
2025-03-26 12:37:01,948 - trainer - INFO -     val_r2_score   : 0.9477676283568144
2025-03-26 12:37:01,948 - trainer - INFO -     val_rmse       : 0.21943224966526031
2025-03-26 12:37:01,975 - trainer - INFO -     epoch          : 49
2025-03-26 12:37:01,975 - trainer - INFO -     loss           : 0.038991810443500675
2025-03-26 12:37:01,975 - trainer - INFO -     mse            : 0.038991810443500675
2025-03-26 12:37:01,975 - trainer - INFO -     mae            : 0.16899363696575165
2025-03-26 12:37:01,975 - trainer - INFO -     r2_score       : 0.9570272792130708
2025-03-26 12:37:01,975 - trainer - INFO -     rmse           : 0.1960332731405894
2025-03-26 12:37:01,975 - trainer - INFO -     val_loss       : 0.04821062088012695
2025-03-26 12:37:01,975 - trainer - INFO -     val_mse        : 0.04821062088012695
2025-03-26 12:37:01,975 - trainer - INFO -     val_mae        : 0.19051173329353333
2025-03-26 12:37:01,975 - trainer - INFO -     val_r2_score   : 0.9506527781486511
2025-03-26 12:37:01,975 - trainer - INFO -     val_rmse       : 0.2195276841521263
2025-03-26 12:37:02,000 - trainer - INFO -     epoch          : 50
2025-03-26 12:37:02,000 - trainer - INFO -     loss           : 0.043435933689276375
2025-03-26 12:37:02,000 - trainer - INFO -     mse            : 0.043435933689276375
2025-03-26 12:37:02,000 - trainer - INFO -     mae            : 0.18028496503829955
2025-03-26 12:37:02,001 - trainer - INFO -     r2_score       : 0.9532454130550225
2025-03-26 12:37:02,001 - trainer - INFO -     rmse           : 0.2069089651107788
2025-03-26 12:37:02,001 - trainer - INFO -     val_loss       : 0.04920083284378052
2025-03-26 12:37:02,001 - trainer - INFO -     val_mse        : 0.04920083284378052
2025-03-26 12:37:02,001 - trainer - INFO -     val_mae        : 0.1944548338651657
2025-03-26 12:37:02,001 - trainer - INFO -     val_r2_score   : 0.947826711460948
2025-03-26 12:37:02,001 - trainer - INFO -     val_rmse       : 0.22132162749767303
2025-03-26 12:37:02,002 - trainer - INFO - Saving checkpoint: saved/models/basic_experiment/0326_123657/checkpoint-epoch50.pth ...
