2025-03-26 12:16:31,831 - train - INFO - DynamicModel(
  (network): Sequential(
    (0): Linear(in_features=1, out_features=4, bias=True)
    (1): Identity()
    (2): Linear(in_features=4, out_features=1, bias=True)
    (3): Identity()
  )
)
Trainable parameters: 13
2025-03-26 12:16:35,228 - trainer - INFO -     epoch          : 1
2025-03-26 12:16:35,228 - trainer - INFO -     loss           : 0.657084414592156
2025-03-26 12:16:35,228 - trainer - INFO -     mse            : 0.657084414592156
2025-03-26 12:16:35,228 - trainer - INFO -     rmse           : 0.8092582317499014
2025-03-26 12:16:35,228 - trainer - INFO -     r2_score       : 0.3370860173152043
2025-03-26 12:16:35,228 - trainer - INFO -     val_loss       : 0.5647763907909393
2025-03-26 12:16:35,229 - trainer - INFO -     val_mse        : 0.5647763907909393
2025-03-26 12:16:35,229 - trainer - INFO -     val_rmse       : 0.7511388808488846
2025-03-26 12:16:35,229 - trainer - INFO -     val_r2_score   : 0.15787697583436966
2025-03-26 12:16:35,252 - trainer - INFO -     epoch          : 2
2025-03-26 12:16:35,252 - trainer - INFO -     loss           : 0.6138469095413501
2025-03-26 12:16:35,252 - trainer - INFO -     mse            : 0.6138469095413501
2025-03-26 12:16:35,252 - trainer - INFO -     rmse           : 0.7811675484363849
2025-03-26 12:16:35,252 - trainer - INFO -     r2_score       : 0.3268387523981241
2025-03-26 12:16:35,252 - trainer - INFO -     val_loss       : 0.4833992123603821
2025-03-26 12:16:35,252 - trainer - INFO -     val_mse        : 0.4833992123603821
2025-03-26 12:16:35,252 - trainer - INFO -     val_rmse       : 0.6839153468608856
2025-03-26 12:16:35,252 - trainer - INFO -     val_r2_score   : 0.3601420074701309
2025-03-26 12:16:35,350 - trainer - INFO -     epoch          : 3
2025-03-26 12:16:35,351 - trainer - INFO -     loss           : 0.6262238942659818
2025-03-26 12:16:35,351 - trainer - INFO -     mse            : 0.6262238942659818
2025-03-26 12:16:35,351 - trainer - INFO -     rmse           : 0.7884206359203045
2025-03-26 12:16:35,351 - trainer - INFO -     r2_score       : 0.3781093679941617
2025-03-26 12:16:35,351 - trainer - INFO -     val_loss       : 0.5751777440309525
2025-03-26 12:16:35,351 - trainer - INFO -     val_mse        : 0.5751777440309525
2025-03-26 12:16:35,351 - trainer - INFO -     val_rmse       : 0.7582420110702515
2025-03-26 12:16:35,351 - trainer - INFO -     val_r2_score   : 0.3978853225708008
2025-03-26 12:16:35,373 - trainer - INFO -     epoch          : 4
2025-03-26 12:16:35,373 - trainer - INFO -     loss           : 0.6651201637891623
2025-03-26 12:16:35,373 - trainer - INFO -     mse            : 0.6651201637891623
2025-03-26 12:16:35,373 - trainer - INFO -     rmse           : 0.810337653526893
2025-03-26 12:16:35,373 - trainer - INFO -     r2_score       : 0.31993682109392607
2025-03-26 12:16:35,373 - trainer - INFO -     val_loss       : 0.5685663148760796
2025-03-26 12:16:35,373 - trainer - INFO -     val_mse        : 0.5685663148760796
2025-03-26 12:16:35,373 - trainer - INFO -     val_rmse       : 0.7503912597894669
2025-03-26 12:16:35,373 - trainer - INFO -     val_r2_score   : 0.3983175903558731
2025-03-26 12:16:35,396 - trainer - INFO -     epoch          : 5
2025-03-26 12:16:35,396 - trainer - INFO -     loss           : 0.6408869624137878
2025-03-26 12:16:35,396 - trainer - INFO -     mse            : 0.6408869624137878
2025-03-26 12:16:35,396 - trainer - INFO -     rmse           : 0.7976188613818243
2025-03-26 12:16:35,396 - trainer - INFO -     r2_score       : 0.33990872823275053
2025-03-26 12:16:35,396 - trainer - INFO -     val_loss       : 0.5539656654000282
2025-03-26 12:16:35,396 - trainer - INFO -     val_mse        : 0.5539656654000282
2025-03-26 12:16:35,396 - trainer - INFO -     val_rmse       : 0.7415153533220291
2025-03-26 12:16:35,396 - trainer - INFO -     val_r2_score   : 0.07547520101070404
2025-03-26 12:16:35,418 - trainer - INFO -     epoch          : 6
2025-03-26 12:16:35,418 - trainer - INFO -     loss           : 0.6326163502839895
2025-03-26 12:16:35,418 - trainer - INFO -     mse            : 0.6326163502839895
2025-03-26 12:16:35,418 - trainer - INFO -     rmse           : 0.7922098590777471
2025-03-26 12:16:35,418 - trainer - INFO -     r2_score       : 0.36077896448282093
2025-03-26 12:16:35,418 - trainer - INFO -     val_loss       : 0.7105713188648224
2025-03-26 12:16:35,418 - trainer - INFO -     val_mse        : 0.7105713188648224
2025-03-26 12:16:35,418 - trainer - INFO -     val_rmse       : 0.8309626132249832
2025-03-26 12:16:35,418 - trainer - INFO -     val_r2_score   : 0.2736573666334152
2025-03-26 12:16:35,440 - trainer - INFO -     epoch          : 7
2025-03-26 12:16:35,440 - trainer - INFO -     loss           : 0.6363200155588297
2025-03-26 12:16:35,440 - trainer - INFO -     mse            : 0.6363200155588297
2025-03-26 12:16:35,440 - trainer - INFO -     rmse           : 0.79021044419362
2025-03-26 12:16:35,440 - trainer - INFO -     r2_score       : 0.3243766610439007
2025-03-26 12:16:35,440 - trainer - INFO -     val_loss       : 0.5856104418635368
2025-03-26 12:16:35,440 - trainer - INFO -     val_mse        : 0.5856104418635368
2025-03-26 12:16:35,440 - trainer - INFO -     val_rmse       : 0.7623864710330963
2025-03-26 12:16:35,440 - trainer - INFO -     val_r2_score   : -0.08241599798202515
2025-03-26 12:16:35,462 - trainer - INFO -     epoch          : 8
2025-03-26 12:16:35,462 - trainer - INFO -     loss           : 0.6162499922972459
2025-03-26 12:16:35,462 - trainer - INFO -     mse            : 0.6162499922972459
2025-03-26 12:16:35,463 - trainer - INFO -     rmse           : 0.782680502304664
2025-03-26 12:16:35,463 - trainer - INFO -     r2_score       : 0.36230939626693726
2025-03-26 12:16:35,463 - trainer - INFO -     val_loss       : 0.5496593862771988
2025-03-26 12:16:35,463 - trainer - INFO -     val_mse        : 0.5496593862771988
2025-03-26 12:16:35,463 - trainer - INFO -     val_rmse       : 0.7412798702716827
2025-03-26 12:16:35,463 - trainer - INFO -     val_r2_score   : 0.2961680740118027
2025-03-26 12:16:35,484 - trainer - INFO -     epoch          : 9
2025-03-26 12:16:35,484 - trainer - INFO -     loss           : 0.6365434114749615
2025-03-26 12:16:35,484 - trainer - INFO -     mse            : 0.6365434114749615
2025-03-26 12:16:35,484 - trainer - INFO -     rmse           : 0.7947942477006179
2025-03-26 12:16:35,484 - trainer - INFO -     r2_score       : 0.3634230036001939
2025-03-26 12:16:35,484 - trainer - INFO -     val_loss       : 0.47372967004776
2025-03-26 12:16:35,484 - trainer - INFO -     val_mse        : 0.47372967004776
2025-03-26 12:16:35,484 - trainer - INFO -     val_rmse       : 0.6744369342923164
2025-03-26 12:16:35,484 - trainer - INFO -     val_r2_score   : 0.45073676854372025
2025-03-26 12:16:35,506 - trainer - INFO -     epoch          : 10
2025-03-26 12:16:35,506 - trainer - INFO -     loss           : 0.6111720273127923
2025-03-26 12:16:35,506 - trainer - INFO -     mse            : 0.6111720273127923
2025-03-26 12:16:35,506 - trainer - INFO -     rmse           : 0.7751703078930194
2025-03-26 12:16:35,506 - trainer - INFO -     r2_score       : 0.3456639739183279
2025-03-26 12:16:35,506 - trainer - INFO -     val_loss       : 0.6225021034479141
2025-03-26 12:16:35,506 - trainer - INFO -     val_mse        : 0.6225021034479141
2025-03-26 12:16:35,506 - trainer - INFO -     val_rmse       : 0.7855416238307953
2025-03-26 12:16:35,506 - trainer - INFO -     val_r2_score   : 0.40216609835624695
2025-03-26 12:16:35,509 - trainer - INFO - Saving checkpoint: saved/models/underfitting_example/0326_121631/checkpoint-epoch10.pth ...
2025-03-26 12:16:35,530 - trainer - INFO -     epoch          : 11
2025-03-26 12:16:35,530 - trainer - INFO -     loss           : 0.6134558663918421
2025-03-26 12:16:35,530 - trainer - INFO -     mse            : 0.6134558663918421
2025-03-26 12:16:35,530 - trainer - INFO -     rmse           : 0.7819330371343173
2025-03-26 12:16:35,530 - trainer - INFO -     r2_score       : 0.3483631198222821
2025-03-26 12:16:35,530 - trainer - INFO -     val_loss       : 0.5851746574044228
2025-03-26 12:16:35,530 - trainer - INFO -     val_mse        : 0.5851746574044228
2025-03-26 12:16:35,530 - trainer - INFO -     val_rmse       : 0.7622388005256653
2025-03-26 12:16:35,530 - trainer - INFO -     val_r2_score   : 0.4419144243001938
2025-03-26 12:16:35,552 - trainer - INFO -     epoch          : 12
2025-03-26 12:16:35,552 - trainer - INFO -     loss           : 0.6261611534998968
2025-03-26 12:16:35,552 - trainer - INFO -     mse            : 0.6261611534998968
2025-03-26 12:16:35,552 - trainer - INFO -     rmse           : 0.7866428769551791
2025-03-26 12:16:35,552 - trainer - INFO -     r2_score       : 0.3539170531126169
2025-03-26 12:16:35,552 - trainer - INFO -     val_loss       : 0.5294525027275085
2025-03-26 12:16:35,552 - trainer - INFO -     val_mse        : 0.5294525027275085
2025-03-26 12:16:35,552 - trainer - INFO -     val_rmse       : 0.7245946228504181
2025-03-26 12:16:35,552 - trainer - INFO -     val_r2_score   : 0.3878205567598343
2025-03-26 12:16:35,574 - trainer - INFO -     epoch          : 13
2025-03-26 12:16:35,574 - trainer - INFO -     loss           : 0.6163376271724701
2025-03-26 12:16:35,574 - trainer - INFO -     mse            : 0.6163376271724701
2025-03-26 12:16:35,574 - trainer - INFO -     rmse           : 0.7803906018917377
2025-03-26 12:16:35,574 - trainer - INFO -     r2_score       : 0.28865641355514526
2025-03-26 12:16:35,574 - trainer - INFO -     val_loss       : 0.5120881274342537
2025-03-26 12:16:35,574 - trainer - INFO -     val_mse        : 0.5120881274342537
2025-03-26 12:16:35,574 - trainer - INFO -     val_rmse       : 0.7120845913887024
2025-03-26 12:16:35,574 - trainer - INFO -     val_r2_score   : 0.3155577927827835
2025-03-26 12:16:35,597 - trainer - INFO -     epoch          : 14
2025-03-26 12:16:35,597 - trainer - INFO -     loss           : 0.6412720955335177
2025-03-26 12:16:35,597 - trainer - INFO -     mse            : 0.6412720955335177
2025-03-26 12:16:35,597 - trainer - INFO -     rmse           : 0.7966179435069745
2025-03-26 12:16:35,597 - trainer - INFO -     r2_score       : 0.3430458123867328
2025-03-26 12:16:35,597 - trainer - INFO -     val_loss       : 0.49180591851472855
2025-03-26 12:16:35,597 - trainer - INFO -     val_mse        : 0.49180591851472855
2025-03-26 12:16:35,597 - trainer - INFO -     val_rmse       : 0.6926518529653549
2025-03-26 12:16:35,597 - trainer - INFO -     val_r2_score   : 0.4100172072649002
2025-03-26 12:16:35,619 - trainer - INFO -     epoch          : 15
2025-03-26 12:16:35,619 - trainer - INFO -     loss           : 0.6613891491523156
2025-03-26 12:16:35,619 - trainer - INFO -     mse            : 0.6613891491523156
2025-03-26 12:16:35,619 - trainer - INFO -     rmse           : 0.8082981797365042
2025-03-26 12:16:35,619 - trainer - INFO -     r2_score       : 0.31402221092811
2025-03-26 12:16:35,619 - trainer - INFO -     val_loss       : 0.551237478852272
2025-03-26 12:16:35,619 - trainer - INFO -     val_mse        : 0.551237478852272
2025-03-26 12:16:35,619 - trainer - INFO -     val_rmse       : 0.7388363629579544
2025-03-26 12:16:35,619 - trainer - INFO -     val_r2_score   : -0.9449599012732506
2025-03-26 12:16:35,641 - trainer - INFO -     epoch          : 16
2025-03-26 12:16:35,641 - trainer - INFO -     loss           : 0.6680625402010404
2025-03-26 12:16:35,641 - trainer - INFO -     mse            : 0.6680625402010404
2025-03-26 12:16:35,641 - trainer - INFO -     rmse           : 0.8094646334648132
2025-03-26 12:16:35,641 - trainer - INFO -     r2_score       : 0.3225511862681462
2025-03-26 12:16:35,641 - trainer - INFO -     val_loss       : 0.5617731809616089
2025-03-26 12:16:35,641 - trainer - INFO -     val_mse        : 0.5617731809616089
2025-03-26 12:16:35,641 - trainer - INFO -     val_rmse       : 0.749242827296257
2025-03-26 12:16:35,641 - trainer - INFO -     val_r2_score   : 0.40679268538951874
2025-03-26 12:16:35,663 - trainer - INFO -     epoch          : 17
2025-03-26 12:16:35,663 - trainer - INFO -     loss           : 0.6540554624337417
2025-03-26 12:16:35,663 - trainer - INFO -     mse            : 0.6540554624337417
2025-03-26 12:16:35,663 - trainer - INFO -     rmse           : 0.806318461894989
2025-03-26 12:16:35,663 - trainer - INFO -     r2_score       : 0.3385882515173692
2025-03-26 12:16:35,663 - trainer - INFO -     val_loss       : 0.5715121775865555
2025-03-26 12:16:35,663 - trainer - INFO -     val_mse        : 0.5715121775865555
2025-03-26 12:16:35,663 - trainer - INFO -     val_rmse       : 0.7535933405160904
2025-03-26 12:16:35,663 - trainer - INFO -     val_r2_score   : 0.0828167051076889
2025-03-26 12:16:35,685 - trainer - INFO -     epoch          : 18
2025-03-26 12:16:35,685 - trainer - INFO -     loss           : 0.6472534170517554
2025-03-26 12:16:35,685 - trainer - INFO -     mse            : 0.6472534170517554
2025-03-26 12:16:35,685 - trainer - INFO -     rmse           : 0.802645545739394
2025-03-26 12:16:35,685 - trainer - INFO -     r2_score       : 0.33379406195420486
2025-03-26 12:16:35,685 - trainer - INFO -     val_loss       : 0.6457695290446281
2025-03-26 12:16:35,685 - trainer - INFO -     val_mse        : 0.6457695290446281
2025-03-26 12:16:35,685 - trainer - INFO -     val_rmse       : 0.7970153242349625
2025-03-26 12:16:35,685 - trainer - INFO -     val_r2_score   : 0.37937667965888977
2025-03-26 12:16:35,706 - trainer - INFO -     epoch          : 19
2025-03-26 12:16:35,706 - trainer - INFO -     loss           : 0.648380838907682
2025-03-26 12:16:35,706 - trainer - INFO -     mse            : 0.648380838907682
2025-03-26 12:16:35,706 - trainer - INFO -     rmse           : 0.8000874473498418
2025-03-26 12:16:35,706 - trainer - INFO -     r2_score       : 0.34339346335484433
2025-03-26 12:16:35,706 - trainer - INFO -     val_loss       : 0.6576405763626099
2025-03-26 12:16:35,706 - trainer - INFO -     val_mse        : 0.6576405763626099
2025-03-26 12:16:35,706 - trainer - INFO -     val_rmse       : 0.8033402264118195
2025-03-26 12:16:35,706 - trainer - INFO -     val_r2_score   : 0.36078841984272003
2025-03-26 12:16:35,728 - trainer - INFO -     epoch          : 20
2025-03-26 12:16:35,728 - trainer - INFO -     loss           : 0.6308250954517951
2025-03-26 12:16:35,728 - trainer - INFO -     mse            : 0.6308250954517951
2025-03-26 12:16:35,728 - trainer - INFO -     rmse           : 0.7911837926277747
2025-03-26 12:16:35,728 - trainer - INFO -     r2_score       : 0.3330364685792189
2025-03-26 12:16:35,728 - trainer - INFO -     val_loss       : 0.6393390074372292
2025-03-26 12:16:35,728 - trainer - INFO -     val_mse        : 0.6393390074372292
2025-03-26 12:16:35,728 - trainer - INFO -     val_rmse       : 0.7887859642505646
2025-03-26 12:16:35,728 - trainer - INFO -     val_r2_score   : 0.30177775025367737
2025-03-26 12:16:35,729 - trainer - INFO - Saving checkpoint: saved/models/underfitting_example/0326_121631/checkpoint-epoch20.pth ...
2025-03-26 12:16:35,750 - trainer - INFO -     epoch          : 21
2025-03-26 12:16:35,750 - trainer - INFO -     loss           : 0.6108211806187263
2025-03-26 12:16:35,750 - trainer - INFO -     mse            : 0.6108211806187263
2025-03-26 12:16:35,750 - trainer - INFO -     rmse           : 0.7766436475973862
2025-03-26 12:16:35,750 - trainer - INFO -     r2_score       : 0.3625392409471365
2025-03-26 12:16:35,750 - trainer - INFO -     val_loss       : 0.5143290907144547
2025-03-26 12:16:35,750 - trainer - INFO -     val_mse        : 0.5143290907144547
2025-03-26 12:16:35,750 - trainer - INFO -     val_rmse       : 0.7147908806800842
2025-03-26 12:16:35,750 - trainer - INFO -     val_r2_score   : 0.2926451861858368
2025-03-26 12:16:35,772 - trainer - INFO -     epoch          : 22
2025-03-26 12:16:35,772 - trainer - INFO -     loss           : 0.6207974117535812
2025-03-26 12:16:35,772 - trainer - INFO -     mse            : 0.6207974117535812
2025-03-26 12:16:35,772 - trainer - INFO -     rmse           : 0.7843249806990991
2025-03-26 12:16:35,772 - trainer - INFO -     r2_score       : 0.3787911305060753
2025-03-26 12:16:35,772 - trainer - INFO -     val_loss       : 0.4954513609409332
2025-03-26 12:16:35,772 - trainer - INFO -     val_mse        : 0.4954513609409332
2025-03-26 12:16:35,772 - trainer - INFO -     val_rmse       : 0.6951155513525009
2025-03-26 12:16:35,772 - trainer - INFO -     val_r2_score   : 0.29912927746772766
2025-03-26 12:16:35,794 - trainer - INFO -     epoch          : 23
2025-03-26 12:16:35,794 - trainer - INFO -     loss           : 0.6137928871008066
2025-03-26 12:16:35,794 - trainer - INFO -     mse            : 0.6137928871008066
2025-03-26 12:16:35,794 - trainer - INFO -     rmse           : 0.7808667558890122
2025-03-26 12:16:35,794 - trainer - INFO -     r2_score       : 0.3616424821890317
2025-03-26 12:16:35,794 - trainer - INFO -     val_loss       : 0.6220799013972282
2025-03-26 12:16:35,794 - trainer - INFO -     val_mse        : 0.6220799013972282
2025-03-26 12:16:35,794 - trainer - INFO -     val_rmse       : 0.7830065041780472
2025-03-26 12:16:35,794 - trainer - INFO -     val_r2_score   : 0.41897377371788025
2025-03-26 12:16:35,816 - trainer - INFO -     epoch          : 24
2025-03-26 12:16:35,816 - trainer - INFO -     loss           : 0.614497592815986
2025-03-26 12:16:35,816 - trainer - INFO -     mse            : 0.614497592815986
2025-03-26 12:16:35,816 - trainer - INFO -     rmse           : 0.7829787868719834
2025-03-26 12:16:35,816 - trainer - INFO -     r2_score       : 0.3793112635612488
2025-03-26 12:16:35,816 - trainer - INFO -     val_loss       : 0.6347014456987381
2025-03-26 12:16:35,816 - trainer - INFO -     val_mse        : 0.6347014456987381
2025-03-26 12:16:35,816 - trainer - INFO -     val_rmse       : 0.7904512137174606
2025-03-26 12:16:35,816 - trainer - INFO -     val_r2_score   : 0.405627503991127
2025-03-26 12:16:35,837 - trainer - INFO -     epoch          : 25
2025-03-26 12:16:35,837 - trainer - INFO -     loss           : 0.6124681005111108
2025-03-26 12:16:35,837 - trainer - INFO -     mse            : 0.6124681005111108
2025-03-26 12:16:35,837 - trainer - INFO -     rmse           : 0.7746796837219825
2025-03-26 12:16:35,837 - trainer - INFO -     r2_score       : 0.3558877477279076
2025-03-26 12:16:35,837 - trainer - INFO -     val_loss       : 0.5610618218779564
2025-03-26 12:16:35,837 - trainer - INFO -     val_mse        : 0.5610618218779564
2025-03-26 12:16:35,837 - trainer - INFO -     val_rmse       : 0.7479449063539505
2025-03-26 12:16:35,837 - trainer - INFO -     val_r2_score   : 0.05356186628341675
2025-03-26 12:16:35,859 - trainer - INFO -     epoch          : 26
2025-03-26 12:16:35,859 - trainer - INFO -     loss           : 0.616459268790025
2025-03-26 12:16:35,859 - trainer - INFO -     mse            : 0.616459268790025
2025-03-26 12:16:35,859 - trainer - INFO -     rmse           : 0.7828762760529151
2025-03-26 12:16:35,859 - trainer - INFO -     r2_score       : 0.38056365801737857
2025-03-26 12:16:35,859 - trainer - INFO -     val_loss       : 0.5195475220680237
2025-03-26 12:16:35,859 - trainer - INFO -     val_mse        : 0.5195475220680237
2025-03-26 12:16:35,859 - trainer - INFO -     val_rmse       : 0.7137391716241837
2025-03-26 12:16:35,859 - trainer - INFO -     val_r2_score   : 0.12773817777633667
2025-03-26 12:16:35,881 - trainer - INFO -     epoch          : 27
2025-03-26 12:16:35,881 - trainer - INFO -     loss           : 0.6174411773681641
2025-03-26 12:16:35,881 - trainer - INFO -     mse            : 0.6174411773681641
2025-03-26 12:16:35,881 - trainer - INFO -     rmse           : 0.7817013263702393
2025-03-26 12:16:35,881 - trainer - INFO -     r2_score       : 0.35908918197338396
2025-03-26 12:16:35,881 - trainer - INFO -     val_loss       : 0.5542186498641968
2025-03-26 12:16:35,881 - trainer - INFO -     val_mse        : 0.5542186498641968
2025-03-26 12:16:35,881 - trainer - INFO -     val_rmse       : 0.7418317496776581
2025-03-26 12:16:35,881 - trainer - INFO -     val_r2_score   : 0.31395603716373444
2025-03-26 12:16:35,905 - trainer - INFO -     epoch          : 28
2025-03-26 12:16:35,905 - trainer - INFO -     loss           : 0.631493112215629
2025-03-26 12:16:35,905 - trainer - INFO -     mse            : 0.631493112215629
2025-03-26 12:16:35,905 - trainer - INFO -     rmse           : 0.7911498684149522
2025-03-26 12:16:35,905 - trainer - INFO -     r2_score       : 0.35557015813313997
2025-03-26 12:16:35,905 - trainer - INFO -     val_loss       : 0.700661413371563
2025-03-26 12:16:35,905 - trainer - INFO -     val_mse        : 0.700661413371563
2025-03-26 12:16:35,905 - trainer - INFO -     val_rmse       : 0.8198678940534592
2025-03-26 12:16:35,905 - trainer - INFO -     val_r2_score   : 0.4070930778980255
2025-03-26 12:16:35,932 - trainer - INFO -     epoch          : 29
2025-03-26 12:16:35,932 - trainer - INFO -     loss           : 0.6141528922777909
2025-03-26 12:16:35,932 - trainer - INFO -     mse            : 0.6141528922777909
2025-03-26 12:16:35,932 - trainer - INFO -     rmse           : 0.7808586542422955
2025-03-26 12:16:35,932 - trainer - INFO -     r2_score       : 0.37329324850669277
2025-03-26 12:16:35,932 - trainer - INFO -     val_loss       : 0.5522185266017914
2025-03-26 12:16:35,932 - trainer - INFO -     val_mse        : 0.5522185266017914
2025-03-26 12:16:35,932 - trainer - INFO -     val_rmse       : 0.7427753508090973
2025-03-26 12:16:35,932 - trainer - INFO -     val_r2_score   : 0.39023273438215256
2025-03-26 12:16:35,959 - trainer - INFO -     epoch          : 30
2025-03-26 12:16:35,960 - trainer - INFO -     loss           : 0.6092100418530978
2025-03-26 12:16:35,960 - trainer - INFO -     mse            : 0.6092100418530978
2025-03-26 12:16:35,960 - trainer - INFO -     rmse           : 0.7773271340590256
2025-03-26 12:16:35,960 - trainer - INFO -     r2_score       : 0.3613393627680265
2025-03-26 12:16:35,960 - trainer - INFO -     val_loss       : 0.6030419245362282
2025-03-26 12:16:35,960 - trainer - INFO -     val_mse        : 0.6030419245362282
2025-03-26 12:16:35,960 - trainer - INFO -     val_rmse       : 0.7735078930854797
2025-03-26 12:16:35,960 - trainer - INFO -     val_r2_score   : 0.4104117900133133
2025-03-26 12:16:35,961 - trainer - INFO - Saving checkpoint: saved/models/underfitting_example/0326_121631/checkpoint-epoch30.pth ...
