2025-03-26 12:04:18,827 - train - INFO - DynamicModel(
  (network): Sequential(
    (0): Linear(in_features=1, out_features=64, bias=True)
    (1): Tanh()
    (2): Linear(in_features=64, out_features=64, bias=True)
    (3): Tanh()
    (4): Linear(in_features=64, out_features=64, bias=True)
    (5): Tanh()
    (6): Linear(in_features=64, out_features=1, bias=True)
    (7): Identity()
  )
)
Trainable parameters: 8513
2025-03-26 12:04:22,272 - trainer - INFO -     epoch          : 1
2025-03-26 12:04:22,272 - trainer - INFO -     loss           : 0.6210533347394731
2025-03-26 12:04:22,272 - trainer - INFO -     mse            : 0.6210533347394731
2025-03-26 12:04:22,272 - trainer - INFO -     rmse           : 0.7721891513577214
2025-03-26 12:04:22,272 - trainer - INFO -     r2_score       : 0.29476577374670243
2025-03-26 12:04:22,272 - trainer - INFO -     val_loss       : 0.4596245288848877
2025-03-26 12:04:22,272 - trainer - INFO -     val_mse        : 0.4596245288848877
2025-03-26 12:04:22,272 - trainer - INFO -     val_rmse       : 0.6766033887863159
2025-03-26 12:04:22,272 - trainer - INFO -     val_r2_score   : 0.42598095536231995
2025-03-26 12:04:22,400 - trainer - INFO -     epoch          : 2
2025-03-26 12:04:22,400 - trainer - INFO -     loss           : 0.3542461947158531
2025-03-26 12:04:22,400 - trainer - INFO -     mse            : 0.3542461947158531
2025-03-26 12:04:22,400 - trainer - INFO -     rmse           : 0.589470938399986
2025-03-26 12:04:22,400 - trainer - INFO -     r2_score       : 0.5664689932708387
2025-03-26 12:04:22,400 - trainer - INFO -     val_loss       : 0.2388518512248993
2025-03-26 12:04:22,400 - trainer - INFO -     val_mse        : 0.2388518512248993
2025-03-26 12:04:22,400 - trainer - INFO -     val_rmse       : 0.48487722873687744
2025-03-26 12:04:22,400 - trainer - INFO -     val_r2_score   : 0.721769493818283
2025-03-26 12:04:22,449 - trainer - INFO -     epoch          : 3
2025-03-26 12:04:22,449 - trainer - INFO -     loss           : 0.24575991376682563
2025-03-26 12:04:22,449 - trainer - INFO -     mse            : 0.24575991376682563
2025-03-26 12:04:22,449 - trainer - INFO -     rmse           : 0.4917029120303966
2025-03-26 12:04:22,449 - trainer - INFO -     r2_score       : 0.7032567626900144
2025-03-26 12:04:22,449 - trainer - INFO -     val_loss       : 0.23313446640968322
2025-03-26 12:04:22,449 - trainer - INFO -     val_mse        : 0.23313446640968322
2025-03-26 12:04:22,449 - trainer - INFO -     val_rmse       : 0.48063130378723146
2025-03-26 12:04:22,449 - trainer - INFO -     val_r2_score   : 0.7346184939146042
2025-03-26 12:04:22,496 - trainer - INFO -     epoch          : 4
2025-03-26 12:04:22,497 - trainer - INFO -     loss           : 0.2140990796464461
2025-03-26 12:04:22,497 - trainer - INFO -     mse            : 0.2140990796464461
2025-03-26 12:04:22,497 - trainer - INFO -     rmse           : 0.45886701897338583
2025-03-26 12:04:22,497 - trainer - INFO -     r2_score       : 0.7448204921351539
2025-03-26 12:04:22,497 - trainer - INFO -     val_loss       : 0.18971554040908814
2025-03-26 12:04:22,497 - trainer - INFO -     val_mse        : 0.18971554040908814
2025-03-26 12:04:22,497 - trainer - INFO -     val_rmse       : 0.4336478352546692
2025-03-26 12:04:22,497 - trainer - INFO -     val_r2_score   : 0.732588766515255
2025-03-26 12:04:22,544 - trainer - INFO -     epoch          : 5
2025-03-26 12:04:22,544 - trainer - INFO -     loss           : 0.18532245109478632
2025-03-26 12:04:22,544 - trainer - INFO -     mse            : 0.18532245109478632
2025-03-26 12:04:22,544 - trainer - INFO -     rmse           : 0.4289080368147956
2025-03-26 12:04:22,544 - trainer - INFO -     r2_score       : 0.7925919258484134
2025-03-26 12:04:22,544 - trainer - INFO -     val_loss       : 0.1812349319458008
2025-03-26 12:04:22,544 - trainer - INFO -     val_mse        : 0.1812349319458008
2025-03-26 12:04:22,544 - trainer - INFO -     val_rmse       : 0.42032214999198914
2025-03-26 12:04:22,544 - trainer - INFO -     val_r2_score   : 0.8164785489439964
2025-03-26 12:04:22,592 - trainer - INFO -     epoch          : 6
2025-03-26 12:04:22,592 - trainer - INFO -     loss           : 0.17328594542211956
2025-03-26 12:04:22,592 - trainer - INFO -     mse            : 0.17328594542211956
2025-03-26 12:04:22,592 - trainer - INFO -     rmse           : 0.4141214534088417
2025-03-26 12:04:22,592 - trainer - INFO -     r2_score       : 0.7866831361143677
2025-03-26 12:04:22,592 - trainer - INFO -     val_loss       : 0.17755282521247864
2025-03-26 12:04:22,592 - trainer - INFO -     val_mse        : 0.17755282521247864
2025-03-26 12:04:22,592 - trainer - INFO -     val_rmse       : 0.41872626543045044
2025-03-26 12:04:22,592 - trainer - INFO -     val_r2_score   : 0.809635528922081
2025-03-26 12:04:22,638 - trainer - INFO -     epoch          : 7
2025-03-26 12:04:22,638 - trainer - INFO -     loss           : 0.15898785381405442
2025-03-26 12:04:22,638 - trainer - INFO -     mse            : 0.15898785381405442
2025-03-26 12:04:22,638 - trainer - INFO -     rmse           : 0.3954656245531859
2025-03-26 12:04:22,638 - trainer - INFO -     r2_score       : 0.8213762043526879
2025-03-26 12:04:22,638 - trainer - INFO -     val_loss       : 0.13241420984268187
2025-03-26 12:04:22,638 - trainer - INFO -     val_mse        : 0.13241420984268187
2025-03-26 12:04:22,638 - trainer - INFO -     val_rmse       : 0.3629841983318329
2025-03-26 12:04:22,638 - trainer - INFO -     val_r2_score   : 0.8517623722553254
2025-03-26 12:04:22,686 - trainer - INFO -     epoch          : 8
2025-03-26 12:04:22,686 - trainer - INFO -     loss           : 0.14640099776011925
2025-03-26 12:04:22,686 - trainer - INFO -     mse            : 0.14640099776011925
2025-03-26 12:04:22,686 - trainer - INFO -     rmse           : 0.3796205233644556
2025-03-26 12:04:22,686 - trainer - INFO -     r2_score       : 0.8268291980580047
2025-03-26 12:04:22,686 - trainer - INFO -     val_loss       : 0.09348319619894027
2025-03-26 12:04:22,686 - trainer - INFO -     val_mse        : 0.09348319619894027
2025-03-26 12:04:22,686 - trainer - INFO -     val_rmse       : 0.30407196283340454
2025-03-26 12:04:22,686 - trainer - INFO -     val_r2_score   : 0.9047874554991722
2025-03-26 12:04:22,735 - trainer - INFO -     epoch          : 9
2025-03-26 12:04:22,735 - trainer - INFO -     loss           : 0.08874414985378583
2025-03-26 12:04:22,735 - trainer - INFO -     mse            : 0.08874414985378583
2025-03-26 12:04:22,736 - trainer - INFO -     rmse           : 0.2946864267190297
2025-03-26 12:04:22,736 - trainer - INFO -     r2_score       : 0.895945351846792
2025-03-26 12:04:22,736 - trainer - INFO -     val_loss       : 0.07590736225247383
2025-03-26 12:04:22,736 - trainer - INFO -     val_mse        : 0.07590736225247383
2025-03-26 12:04:22,736 - trainer - INFO -     val_rmse       : 0.27413730323314667
2025-03-26 12:04:22,736 - trainer - INFO -     val_r2_score   : 0.8978717960417271
2025-03-26 12:04:22,783 - trainer - INFO -     epoch          : 10
2025-03-26 12:04:22,783 - trainer - INFO -     loss           : 0.06364396311066768
2025-03-26 12:04:22,783 - trainer - INFO -     mse            : 0.06364396311066768
2025-03-26 12:04:22,783 - trainer - INFO -     rmse           : 0.2493808639270288
2025-03-26 12:04:22,783 - trainer - INFO -     r2_score       : 0.9269660922388235
2025-03-26 12:04:22,783 - trainer - INFO -     val_loss       : 0.05993440821766853
2025-03-26 12:04:22,783 - trainer - INFO -     val_mse        : 0.05993440821766853
2025-03-26 12:04:22,783 - trainer - INFO -     val_rmse       : 0.2444956421852112
2025-03-26 12:04:22,783 - trainer - INFO -     val_r2_score   : 0.9347693711519242
2025-03-26 12:04:22,784 - trainer - INFO - Saving checkpoint: saved/models/optimal_config/0326_120418/checkpoint-epoch10.pth ...
2025-03-26 12:04:22,830 - trainer - INFO -     epoch          : 11
2025-03-26 12:04:22,831 - trainer - INFO -     loss           : 0.045412372038872155
2025-03-26 12:04:22,831 - trainer - INFO -     mse            : 0.045412372038872155
2025-03-26 12:04:22,831 - trainer - INFO -     rmse           : 0.21194540019388552
2025-03-26 12:04:22,831 - trainer - INFO -     r2_score       : 0.949831283064904
2025-03-26 12:04:22,831 - trainer - INFO -     val_loss       : 0.04596304595470428
2025-03-26 12:04:22,831 - trainer - INFO -     val_mse        : 0.04596304595470428
2025-03-26 12:04:22,831 - trainer - INFO -     val_rmse       : 0.21352895498275756
2025-03-26 12:04:22,831 - trainer - INFO -     val_r2_score   : 0.9510495774447918
2025-03-26 12:04:22,878 - trainer - INFO -     epoch          : 12
2025-03-26 12:04:22,878 - trainer - INFO -     loss           : 0.043839136621466386
2025-03-26 12:04:22,878 - trainer - INFO -     mse            : 0.043839136621466386
2025-03-26 12:04:22,878 - trainer - INFO -     rmse           : 0.20716963156505866
2025-03-26 12:04:22,878 - trainer - INFO -     r2_score       : 0.9462880499109074
2025-03-26 12:04:22,878 - trainer - INFO -     val_loss       : 0.04316830560564995
2025-03-26 12:04:22,878 - trainer - INFO -     val_mse        : 0.04316830560564995
2025-03-26 12:04:22,878 - trainer - INFO -     val_rmse       : 0.20708627998828888
2025-03-26 12:04:22,878 - trainer - INFO -     val_r2_score   : 0.9297869853675366
2025-03-26 12:04:22,926 - trainer - INFO -     epoch          : 13
2025-03-26 12:04:22,926 - trainer - INFO -     loss           : 0.03846926938880373
2025-03-26 12:04:22,926 - trainer - INFO -     mse            : 0.03846926938880373
2025-03-26 12:04:22,926 - trainer - INFO -     rmse           : 0.1945854044622845
2025-03-26 12:04:22,926 - trainer - INFO -     r2_score       : 0.952531517724748
2025-03-26 12:04:22,926 - trainer - INFO -     val_loss       : 0.049525150656700136
2025-03-26 12:04:22,926 - trainer - INFO -     val_mse        : 0.049525150656700136
2025-03-26 12:04:22,926 - trainer - INFO -     val_rmse       : 0.22163657248020172
2025-03-26 12:04:22,926 - trainer - INFO -     val_r2_score   : 0.9397271927446127
2025-03-26 12:04:22,975 - trainer - INFO -     epoch          : 14
2025-03-26 12:04:22,975 - trainer - INFO -     loss           : 0.05640610714477522
2025-03-26 12:04:22,975 - trainer - INFO -     mse            : 0.05640610714477522
2025-03-26 12:04:22,975 - trainer - INFO -     rmse           : 0.23467510055612634
2025-03-26 12:04:22,975 - trainer - INFO -     r2_score       : 0.9223306199397754
2025-03-26 12:04:22,975 - trainer - INFO -     val_loss       : 0.056410548835992814
2025-03-26 12:04:22,975 - trainer - INFO -     val_mse        : 0.056410548835992814
2025-03-26 12:04:22,975 - trainer - INFO -     val_rmse       : 0.23370640575885773
2025-03-26 12:04:22,975 - trainer - INFO -     val_r2_score   : 0.9329384796321392
2025-03-26 12:04:23,022 - trainer - INFO -     epoch          : 15
2025-03-26 12:04:23,022 - trainer - INFO -     loss           : 0.035599821971522436
2025-03-26 12:04:23,022 - trainer - INFO -     mse            : 0.035599821971522436
2025-03-26 12:04:23,022 - trainer - INFO -     rmse           : 0.18632434915613244
2025-03-26 12:04:23,022 - trainer - INFO -     r2_score       : 0.9611788848759951
2025-03-26 12:04:23,022 - trainer - INFO -     val_loss       : 0.029415151849389077
2025-03-26 12:04:23,022 - trainer - INFO -     val_mse        : 0.029415151849389077
2025-03-26 12:04:23,022 - trainer - INFO -     val_rmse       : 0.17056009471416472
2025-03-26 12:04:23,022 - trainer - INFO -     val_r2_score   : 0.9583442386239767
2025-03-26 12:04:23,070 - trainer - INFO -     epoch          : 16
2025-03-26 12:04:23,070 - trainer - INFO -     loss           : 0.02848806894487805
2025-03-26 12:04:23,070 - trainer - INFO -     mse            : 0.02848806894487805
2025-03-26 12:04:23,070 - trainer - INFO -     rmse           : 0.16771074963940513
2025-03-26 12:04:23,070 - trainer - INFO -     r2_score       : 0.9642510388943332
2025-03-26 12:04:23,070 - trainer - INFO -     val_loss       : 0.030464376509189605
2025-03-26 12:04:23,070 - trainer - INFO -     val_mse        : 0.030464376509189605
2025-03-26 12:04:23,070 - trainer - INFO -     val_rmse       : 0.17334570586681367
2025-03-26 12:04:23,070 - trainer - INFO -     val_r2_score   : 0.9608524236828089
2025-03-26 12:04:23,117 - trainer - INFO -     epoch          : 17
2025-03-26 12:04:23,117 - trainer - INFO -     loss           : 0.028811709886347805
2025-03-26 12:04:23,117 - trainer - INFO -     mse            : 0.028811709886347805
2025-03-26 12:04:23,117 - trainer - INFO -     rmse           : 0.16811473226105725
2025-03-26 12:04:23,117 - trainer - INFO -     r2_score       : 0.9657703754319636
2025-03-26 12:04:23,117 - trainer - INFO -     val_loss       : 0.027645177394151687
2025-03-26 12:04:23,117 - trainer - INFO -     val_mse        : 0.027645177394151687
2025-03-26 12:04:23,117 - trainer - INFO -     val_rmse       : 0.16589267551898956
2025-03-26 12:04:23,117 - trainer - INFO -     val_r2_score   : 0.9721073891967535
2025-03-26 12:04:23,164 - trainer - INFO -     epoch          : 18
2025-03-26 12:04:23,164 - trainer - INFO -     loss           : 0.03016108853949441
2025-03-26 12:04:23,164 - trainer - INFO -     mse            : 0.03016108853949441
2025-03-26 12:04:23,164 - trainer - INFO -     rmse           : 0.17244288601257182
2025-03-26 12:04:23,164 - trainer - INFO -     r2_score       : 0.963950223841325
2025-03-26 12:04:23,164 - trainer - INFO -     val_loss       : 0.021902980655431746
2025-03-26 12:04:23,164 - trainer - INFO -     val_mse        : 0.021902980655431746
2025-03-26 12:04:23,164 - trainer - INFO -     val_rmse       : 0.14621910452842712
2025-03-26 12:04:23,164 - trainer - INFO -     val_r2_score   : 0.9727793490514159
2025-03-26 12:04:23,211 - trainer - INFO -     epoch          : 19
2025-03-26 12:04:23,211 - trainer - INFO -     loss           : 0.025824203328401955
2025-03-26 12:04:23,211 - trainer - INFO -     mse            : 0.025824203328401955
2025-03-26 12:04:23,211 - trainer - INFO -     rmse           : 0.15966285985928994
2025-03-26 12:04:23,211 - trainer - INFO -     r2_score       : 0.9680936136800382
2025-03-26 12:04:23,211 - trainer - INFO -     val_loss       : 0.018773358874022962
2025-03-26 12:04:23,211 - trainer - INFO -     val_mse        : 0.018773358874022962
2025-03-26 12:04:23,211 - trainer - INFO -     val_rmse       : 0.1356785774230957
2025-03-26 12:04:23,211 - trainer - INFO -     val_r2_score   : 0.978490818105638
2025-03-26 12:04:23,257 - trainer - INFO -     epoch          : 20
2025-03-26 12:04:23,257 - trainer - INFO -     loss           : 0.022723382166414348
2025-03-26 12:04:23,257 - trainer - INFO -     mse            : 0.022723382166414348
2025-03-26 12:04:23,257 - trainer - INFO -     rmse           : 0.14962613886153256
2025-03-26 12:04:23,257 - trainer - INFO -     r2_score       : 0.9725719629269507
2025-03-26 12:04:23,257 - trainer - INFO -     val_loss       : 0.023429719358682634
2025-03-26 12:04:23,258 - trainer - INFO -     val_mse        : 0.023429719358682634
2025-03-26 12:04:23,258 - trainer - INFO -     val_rmse       : 0.15159576535224914
2025-03-26 12:04:23,258 - trainer - INFO -     val_r2_score   : 0.9754411887377501
2025-03-26 12:04:23,260 - trainer - INFO - Saving checkpoint: saved/models/optimal_config/0326_120418/checkpoint-epoch20.pth ...
2025-03-26 12:04:23,333 - trainer - INFO -     epoch          : 21
2025-03-26 12:04:23,333 - trainer - INFO -     loss           : 0.02377832708535371
2025-03-26 12:04:23,333 - trainer - INFO -     mse            : 0.02377832708535371
2025-03-26 12:04:23,333 - trainer - INFO -     rmse           : 0.15337306978525939
2025-03-26 12:04:23,333 - trainer - INFO -     r2_score       : 0.9675279991287324
2025-03-26 12:04:23,333 - trainer - INFO -     val_loss       : 0.0327964223921299
2025-03-26 12:04:23,333 - trainer - INFO -     val_mse        : 0.0327964223921299
2025-03-26 12:04:23,333 - trainer - INFO -     val_rmse       : 0.1793619841337204
2025-03-26 12:04:23,333 - trainer - INFO -     val_r2_score   : 0.9595222551375627
2025-03-26 12:04:23,381 - trainer - INFO -     epoch          : 22
2025-03-26 12:04:23,381 - trainer - INFO -     loss           : 0.02426032018330362
2025-03-26 12:04:23,381 - trainer - INFO -     mse            : 0.02426032018330362
2025-03-26 12:04:23,381 - trainer - INFO -     rmse           : 0.15371469684221126
2025-03-26 12:04:23,381 - trainer - INFO -     r2_score       : 0.9726095255119381
2025-03-26 12:04:23,381 - trainer - INFO -     val_loss       : 0.019897449016571044
2025-03-26 12:04:23,381 - trainer - INFO -     val_mse        : 0.019897449016571044
2025-03-26 12:04:23,381 - trainer - INFO -     val_rmse       : 0.14079107642173766
2025-03-26 12:04:23,381 - trainer - INFO -     val_r2_score   : 0.9793685905635356
2025-03-26 12:04:23,428 - trainer - INFO -     epoch          : 23
2025-03-26 12:04:23,428 - trainer - INFO -     loss           : 0.02141995645231671
2025-03-26 12:04:23,429 - trainer - INFO -     mse            : 0.02141995645231671
2025-03-26 12:04:23,429 - trainer - INFO -     rmse           : 0.14578273506076248
2025-03-26 12:04:23,429 - trainer - INFO -     r2_score       : 0.9770461159447829
2025-03-26 12:04:23,429 - trainer - INFO -     val_loss       : 0.017188427783548833
2025-03-26 12:04:23,429 - trainer - INFO -     val_mse        : 0.017188427783548833
2025-03-26 12:04:23,429 - trainer - INFO -     val_rmse       : 0.13070857226848603
2025-03-26 12:04:23,429 - trainer - INFO -     val_r2_score   : 0.9826619066298008
2025-03-26 12:04:23,476 - trainer - INFO -     epoch          : 24
2025-03-26 12:04:23,476 - trainer - INFO -     loss           : 0.021933287899527285
2025-03-26 12:04:23,476 - trainer - INFO -     mse            : 0.021933287899527285
2025-03-26 12:04:23,476 - trainer - INFO -     rmse           : 0.14751984813699015
2025-03-26 12:04:23,476 - trainer - INFO -     r2_score       : 0.9754812767453216
2025-03-26 12:04:23,476 - trainer - INFO -     val_loss       : 0.017538727074861527
2025-03-26 12:04:23,476 - trainer - INFO -     val_mse        : 0.017538727074861527
2025-03-26 12:04:23,476 - trainer - INFO -     val_rmse       : 0.13227353394031524
2025-03-26 12:04:23,476 - trainer - INFO -     val_r2_score   : 0.9813004907220602
2025-03-26 12:04:23,523 - trainer - INFO -     epoch          : 25
2025-03-26 12:04:23,523 - trainer - INFO -     loss           : 0.02149367701538183
2025-03-26 12:04:23,523 - trainer - INFO -     mse            : 0.02149367701538183
2025-03-26 12:04:23,523 - trainer - INFO -     rmse           : 0.14586136131374924
2025-03-26 12:04:23,523 - trainer - INFO -     r2_score       : 0.9738661402974416
2025-03-26 12:04:23,523 - trainer - INFO -     val_loss       : 0.02303248904645443
2025-03-26 12:04:23,523 - trainer - INFO -     val_mse        : 0.02303248904645443
2025-03-26 12:04:23,523 - trainer - INFO -     val_rmse       : 0.15169895589351653
2025-03-26 12:04:23,523 - trainer - INFO -     val_r2_score   : 0.9592318203300237
2025-03-26 12:04:23,571 - trainer - INFO -     epoch          : 26
2025-03-26 12:04:23,571 - trainer - INFO -     loss           : 0.022340161242970714
2025-03-26 12:04:23,571 - trainer - INFO -     mse            : 0.022340161242970714
2025-03-26 12:04:23,571 - trainer - INFO -     rmse           : 0.14887575363671338
2025-03-26 12:04:23,571 - trainer - INFO -     r2_score       : 0.9730257988665942
2025-03-26 12:04:23,571 - trainer - INFO -     val_loss       : 0.01986331008374691
2025-03-26 12:04:23,571 - trainer - INFO -     val_mse        : 0.01986331008374691
2025-03-26 12:04:23,571 - trainer - INFO -     val_rmse       : 0.1396705612540245
2025-03-26 12:04:23,571 - trainer - INFO -     val_r2_score   : 0.9770568007603287
2025-03-26 12:04:23,618 - trainer - INFO -     epoch          : 27
2025-03-26 12:04:23,618 - trainer - INFO -     loss           : 0.023166232845849462
2025-03-26 12:04:23,618 - trainer - INFO -     mse            : 0.023166232845849462
2025-03-26 12:04:23,618 - trainer - INFO -     rmse           : 0.15130757512869658
2025-03-26 12:04:23,618 - trainer - INFO -     r2_score       : 0.9724312798223562
2025-03-26 12:04:23,618 - trainer - INFO -     val_loss       : 0.018045955151319504
2025-03-26 12:04:23,618 - trainer - INFO -     val_mse        : 0.018045955151319504
2025-03-26 12:04:23,618 - trainer - INFO -     val_rmse       : 0.13307343274354935
2025-03-26 12:04:23,619 - trainer - INFO -     val_r2_score   : 0.9769369158893824
2025-03-26 12:04:23,666 - trainer - INFO -     epoch          : 28
2025-03-26 12:04:23,667 - trainer - INFO -     loss           : 0.021400823188876664
2025-03-26 12:04:23,667 - trainer - INFO -     mse            : 0.021400823188876664
2025-03-26 12:04:23,667 - trainer - INFO -     rmse           : 0.14545045793056488
2025-03-26 12:04:23,667 - trainer - INFO -     r2_score       : 0.9742048468302797
2025-03-26 12:04:23,667 - trainer - INFO -     val_loss       : 0.02050066404044628
2025-03-26 12:04:23,667 - trainer - INFO -     val_mse        : 0.02050066404044628
2025-03-26 12:04:23,667 - trainer - INFO -     val_rmse       : 0.1429410457611084
2025-03-26 12:04:23,667 - trainer - INFO -     val_r2_score   : 0.9787231955677271
2025-03-26 12:04:23,714 - trainer - INFO -     epoch          : 29
2025-03-26 12:04:23,714 - trainer - INFO -     loss           : 0.025366436138197227
2025-03-26 12:04:23,714 - trainer - INFO -     mse            : 0.025366436138197227
2025-03-26 12:04:23,714 - trainer - INFO -     rmse           : 0.15760444711755822
2025-03-26 12:04:23,714 - trainer - INFO -     r2_score       : 0.9692393921798578
2025-03-26 12:04:23,714 - trainer - INFO -     val_loss       : 0.017325302958488463
2025-03-26 12:04:23,714 - trainer - INFO -     val_mse        : 0.017325302958488463
2025-03-26 12:04:23,714 - trainer - INFO -     val_rmse       : 0.1314068466424942
2025-03-26 12:04:23,714 - trainer - INFO -     val_r2_score   : 0.9788035828620195
2025-03-26 12:04:23,762 - trainer - INFO -     epoch          : 30
2025-03-26 12:04:23,762 - trainer - INFO -     loss           : 0.02081911479709325
2025-03-26 12:04:23,762 - trainer - INFO -     mse            : 0.02081911479709325
2025-03-26 12:04:23,762 - trainer - INFO -     rmse           : 0.1435667386761418
2025-03-26 12:04:23,762 - trainer - INFO -     r2_score       : 0.9759758072387841
2025-03-26 12:04:23,762 - trainer - INFO -     val_loss       : 0.01679213289171457
2025-03-26 12:04:23,762 - trainer - INFO -     val_mse        : 0.01679213289171457
2025-03-26 12:04:23,762 - trainer - INFO -     val_rmse       : 0.1290636584162712
2025-03-26 12:04:23,762 - trainer - INFO -     val_r2_score   : 0.969337317161262
2025-03-26 12:04:23,763 - trainer - INFO - Saving checkpoint: saved/models/optimal_config/0326_120418/checkpoint-epoch30.pth ...
2025-03-26 12:04:23,810 - trainer - INFO -     epoch          : 31
2025-03-26 12:04:23,810 - trainer - INFO -     loss           : 0.022354136324591108
2025-03-26 12:04:23,811 - trainer - INFO -     mse            : 0.022354136324591108
2025-03-26 12:04:23,811 - trainer - INFO -     rmse           : 0.14835301924634864
2025-03-26 12:04:23,811 - trainer - INFO -     r2_score       : 0.9735748402222439
2025-03-26 12:04:23,811 - trainer - INFO -     val_loss       : 0.017930448800325394
2025-03-26 12:04:23,811 - trainer - INFO -     val_mse        : 0.017930448800325394
2025-03-26 12:04:23,811 - trainer - INFO -     val_rmse       : 0.13378046154975892
2025-03-26 12:04:23,811 - trainer - INFO -     val_r2_score   : 0.9711424110457301
2025-03-26 12:04:23,858 - trainer - INFO -     epoch          : 32
2025-03-26 12:04:23,858 - trainer - INFO -     loss           : 0.02213802888851475
2025-03-26 12:04:23,858 - trainer - INFO -     mse            : 0.02213802888851475
2025-03-26 12:04:23,858 - trainer - INFO -     rmse           : 0.14810192060691338
2025-03-26 12:04:23,858 - trainer - INFO -     r2_score       : 0.970991897776171
2025-03-26 12:04:23,858 - trainer - INFO -     val_loss       : 0.018686985597014427
2025-03-26 12:04:23,858 - trainer - INFO -     val_mse        : 0.018686985597014427
2025-03-26 12:04:23,858 - trainer - INFO -     val_rmse       : 0.13553176075220108
2025-03-26 12:04:23,858 - trainer - INFO -     val_r2_score   : 0.9786372113972902
2025-03-26 12:04:23,905 - trainer - INFO -     epoch          : 33
2025-03-26 12:04:23,905 - trainer - INFO -     loss           : 0.0195335793412394
2025-03-26 12:04:23,905 - trainer - INFO -     mse            : 0.0195335793412394
2025-03-26 12:04:23,905 - trainer - INFO -     rmse           : 0.13926206639519445
2025-03-26 12:04:23,905 - trainer - INFO -     r2_score       : 0.9756038877078228
2025-03-26 12:04:23,905 - trainer - INFO -     val_loss       : 0.017292385548353197
2025-03-26 12:04:23,905 - trainer - INFO -     val_mse        : 0.017292385548353197
2025-03-26 12:04:23,905 - trainer - INFO -     val_rmse       : 0.13135174214839934
2025-03-26 12:04:23,905 - trainer - INFO -     val_r2_score   : 0.9813337467610836
2025-03-26 12:04:23,952 - trainer - INFO -     epoch          : 34
2025-03-26 12:04:23,952 - trainer - INFO -     loss           : 0.02271361900838437
2025-03-26 12:04:23,952 - trainer - INFO -     mse            : 0.02271361900838437
2025-03-26 12:04:23,952 - trainer - INFO -     rmse           : 0.1493887018274378
2025-03-26 12:04:23,952 - trainer - INFO -     r2_score       : 0.9714013214257581
2025-03-26 12:04:23,952 - trainer - INFO -     val_loss       : 0.01533542200922966
2025-03-26 12:04:23,952 - trainer - INFO -     val_mse        : 0.01533542200922966
2025-03-26 12:04:23,952 - trainer - INFO -     val_rmse       : 0.1235820159316063
2025-03-26 12:04:23,952 - trainer - INFO -     val_r2_score   : 0.9836071200668812
2025-03-26 12:04:23,999 - trainer - INFO -     epoch          : 35
2025-03-26 12:04:23,999 - trainer - INFO -     loss           : 0.021539899348108855
2025-03-26 12:04:23,999 - trainer - INFO -     mse            : 0.021539899348108855
2025-03-26 12:04:23,999 - trainer - INFO -     rmse           : 0.14617619304745286
2025-03-26 12:04:23,999 - trainer - INFO -     r2_score       : 0.9741506608616974
2025-03-26 12:04:23,999 - trainer - INFO -     val_loss       : 0.020594625547528268
2025-03-26 12:04:23,999 - trainer - INFO -     val_mse        : 0.020594625547528268
2025-03-26 12:04:23,999 - trainer - INFO -     val_rmse       : 0.14261052310466765
2025-03-26 12:04:23,999 - trainer - INFO -     val_r2_score   : 0.9792254514992237
2025-03-26 12:04:24,046 - trainer - INFO -     epoch          : 36
2025-03-26 12:04:24,046 - trainer - INFO -     loss           : 0.02070637412921146
2025-03-26 12:04:24,046 - trainer - INFO -     mse            : 0.02070637412921146
2025-03-26 12:04:24,046 - trainer - INFO -     rmse           : 0.14247877564695147
2025-03-26 12:04:24,046 - trainer - INFO -     r2_score       : 0.9753482806392841
2025-03-26 12:04:24,046 - trainer - INFO -     val_loss       : 0.019153785519301893
2025-03-26 12:04:24,047 - trainer - INFO -     val_mse        : 0.019153785519301893
2025-03-26 12:04:24,047 - trainer - INFO -     val_rmse       : 0.13789029121398927
2025-03-26 12:04:24,047 - trainer - INFO -     val_r2_score   : 0.9726348016411066
2025-03-26 12:04:24,094 - trainer - INFO -     epoch          : 37
2025-03-26 12:04:24,094 - trainer - INFO -     loss           : 0.021153394926201413
2025-03-26 12:04:24,094 - trainer - INFO -     mse            : 0.021153394926201413
2025-03-26 12:04:24,094 - trainer - INFO -     rmse           : 0.1448142448509181
2025-03-26 12:04:24,094 - trainer - INFO -     r2_score       : 0.9761097454983327
2025-03-26 12:04:24,094 - trainer - INFO -     val_loss       : 0.01563643626868725
2025-03-26 12:04:24,094 - trainer - INFO -     val_mse        : 0.01563643626868725
2025-03-26 12:04:24,094 - trainer - INFO -     val_rmse       : 0.12454951256513595
2025-03-26 12:04:24,094 - trainer - INFO -     val_r2_score   : 0.9816295728087425
2025-03-26 12:04:24,142 - trainer - INFO -     epoch          : 38
2025-03-26 12:04:24,142 - trainer - INFO -     loss           : 0.02321263064664823
2025-03-26 12:04:24,142 - trainer - INFO -     mse            : 0.02321263064664823
2025-03-26 12:04:24,142 - trainer - INFO -     rmse           : 0.15168583834612812
2025-03-26 12:04:24,142 - trainer - INFO -     r2_score       : 0.9720927438940163
2025-03-26 12:04:24,142 - trainer - INFO -     val_loss       : 0.018117526546120644
2025-03-26 12:04:24,142 - trainer - INFO -     val_mse        : 0.018117526546120644
2025-03-26 12:04:24,142 - trainer - INFO -     val_rmse       : 0.13408849835395814
2025-03-26 12:04:24,142 - trainer - INFO -     val_r2_score   : 0.9757470997050405
2025-03-26 12:04:24,189 - trainer - INFO -     epoch          : 39
2025-03-26 12:04:24,189 - trainer - INFO -     loss           : 0.021872260952713312
2025-03-26 12:04:24,189 - trainer - INFO -     mse            : 0.021872260952713312
2025-03-26 12:04:24,189 - trainer - INFO -     rmse           : 0.14678915562453093
2025-03-26 12:04:24,189 - trainer - INFO -     r2_score       : 0.971913390689426
2025-03-26 12:04:24,189 - trainer - INFO -     val_loss       : 0.01463439203798771
2025-03-26 12:04:24,189 - trainer - INFO -     val_mse        : 0.01463439203798771
2025-03-26 12:04:24,189 - trainer - INFO -     val_rmse       : 0.12023238688707352
2025-03-26 12:04:24,189 - trainer - INFO -     val_r2_score   : 0.9844196559861302
2025-03-26 12:04:24,237 - trainer - INFO -     epoch          : 40
2025-03-26 12:04:24,237 - trainer - INFO -     loss           : 0.021462196553194965
2025-03-26 12:04:24,237 - trainer - INFO -     mse            : 0.021462196553194965
2025-03-26 12:04:24,237 - trainer - INFO -     rmse           : 0.14561149422769193
2025-03-26 12:04:24,237 - trainer - INFO -     r2_score       : 0.9735486378755283
2025-03-26 12:04:24,237 - trainer - INFO -     val_loss       : 0.022110385820269585
2025-03-26 12:04:24,237 - trainer - INFO -     val_mse        : 0.022110385820269585
2025-03-26 12:04:24,237 - trainer - INFO -     val_rmse       : 0.1477978214621544
2025-03-26 12:04:24,237 - trainer - INFO -     val_r2_score   : 0.9702153345569968
2025-03-26 12:04:24,239 - trainer - INFO - Saving checkpoint: saved/models/optimal_config/0326_120418/checkpoint-epoch40.pth ...
2025-03-26 12:04:24,286 - trainer - INFO -     epoch          : 41
2025-03-26 12:04:24,286 - trainer - INFO -     loss           : 0.021698859071841946
2025-03-26 12:04:24,286 - trainer - INFO -     mse            : 0.021698859071841946
2025-03-26 12:04:24,286 - trainer - INFO -     rmse           : 0.14625310345932288
2025-03-26 12:04:24,286 - trainer - INFO -     r2_score       : 0.97318474387888
2025-03-26 12:04:24,286 - trainer - INFO -     val_loss       : 0.021777867525815963
2025-03-26 12:04:24,286 - trainer - INFO -     val_mse        : 0.021777867525815963
2025-03-26 12:04:24,286 - trainer - INFO -     val_rmse       : 0.14686257839202882
2025-03-26 12:04:24,286 - trainer - INFO -     val_r2_score   : 0.9690749045461416
2025-03-26 12:04:24,333 - trainer - INFO -     epoch          : 42
2025-03-26 12:04:24,333 - trainer - INFO -     loss           : 0.020053331326279376
2025-03-26 12:04:24,333 - trainer - INFO -     mse            : 0.020053331326279376
2025-03-26 12:04:24,333 - trainer - INFO -     rmse           : 0.14110241416427824
2025-03-26 12:04:24,333 - trainer - INFO -     r2_score       : 0.9732611878878541
2025-03-26 12:04:24,333 - trainer - INFO -     val_loss       : 0.0185840230435133
2025-03-26 12:04:24,333 - trainer - INFO -     val_mse        : 0.0185840230435133
2025-03-26 12:04:24,333 - trainer - INFO -     val_rmse       : 0.13555860072374343
2025-03-26 12:04:24,333 - trainer - INFO -     val_r2_score   : 0.9803870465606451
2025-03-26 12:04:24,382 - trainer - INFO -     epoch          : 43
2025-03-26 12:04:24,382 - trainer - INFO -     loss           : 0.018936075546123362
2025-03-26 12:04:24,382 - trainer - INFO -     mse            : 0.018936075546123362
2025-03-26 12:04:24,382 - trainer - INFO -     rmse           : 0.13700970151910075
2025-03-26 12:04:24,382 - trainer - INFO -     r2_score       : 0.976895285770297
2025-03-26 12:04:24,382 - trainer - INFO -     val_loss       : 0.014158162847161293
2025-03-26 12:04:24,382 - trainer - INFO -     val_mse        : 0.014158162847161293
2025-03-26 12:04:24,382 - trainer - INFO -     val_rmse       : 0.11883971244096755
2025-03-26 12:04:24,382 - trainer - INFO -     val_r2_score   : 0.9837737370282411
2025-03-26 12:04:24,429 - trainer - INFO -     epoch          : 44
2025-03-26 12:04:24,429 - trainer - INFO -     loss           : 0.01842803118267545
2025-03-26 12:04:24,429 - trainer - INFO -     mse            : 0.01842803118267545
2025-03-26 12:04:24,429 - trainer - INFO -     rmse           : 0.13518769680349915
2025-03-26 12:04:24,429 - trainer - INFO -     r2_score       : 0.9782964210888302
2025-03-26 12:04:24,429 - trainer - INFO -     val_loss       : 0.018550247885286808
2025-03-26 12:04:24,429 - trainer - INFO -     val_mse        : 0.018550247885286808
2025-03-26 12:04:24,429 - trainer - INFO -     val_rmse       : 0.13571180105209352
2025-03-26 12:04:24,429 - trainer - INFO -     val_r2_score   : 0.9765124823898077
2025-03-26 12:04:24,476 - trainer - INFO -     epoch          : 45
2025-03-26 12:04:24,476 - trainer - INFO -     loss           : 0.018565781793936535
2025-03-26 12:04:24,476 - trainer - INFO -     mse            : 0.018565781793936535
2025-03-26 12:04:24,476 - trainer - INFO -     rmse           : 0.13558653272964336
2025-03-26 12:04:24,476 - trainer - INFO -     r2_score       : 0.9779028601737486
2025-03-26 12:04:24,476 - trainer - INFO -     val_loss       : 0.013965878821909427
2025-03-26 12:04:24,476 - trainer - INFO -     val_mse        : 0.013965878821909427
2025-03-26 12:04:24,476 - trainer - INFO -     val_rmse       : 0.11787615865468978
2025-03-26 12:04:24,476 - trainer - INFO -     val_r2_score   : 0.9856113051995635
2025-03-26 12:04:24,523 - trainer - INFO -     epoch          : 46
2025-03-26 12:04:24,524 - trainer - INFO -     loss           : 0.019155562406888715
2025-03-26 12:04:24,524 - trainer - INFO -     mse            : 0.019155562406888715
2025-03-26 12:04:24,524 - trainer - INFO -     rmse           : 0.13772461039048653
2025-03-26 12:04:24,524 - trainer - INFO -     r2_score       : 0.9771736695396679
2025-03-26 12:04:24,524 - trainer - INFO -     val_loss       : 0.01618978027254343
2025-03-26 12:04:24,524 - trainer - INFO -     val_mse        : 0.01618978027254343
2025-03-26 12:04:24,524 - trainer - INFO -     val_rmse       : 0.12694741785526276
2025-03-26 12:04:24,524 - trainer - INFO -     val_r2_score   : 0.9822780545800924
2025-03-26 12:04:24,571 - trainer - INFO -     epoch          : 47
2025-03-26 12:04:24,571 - trainer - INFO -     loss           : 0.01956303641889934
2025-03-26 12:04:24,571 - trainer - INFO -     mse            : 0.01956303641889934
2025-03-26 12:04:24,571 - trainer - INFO -     rmse           : 0.13918081367457355
2025-03-26 12:04:24,571 - trainer - INFO -     r2_score       : 0.9756908476421678
2025-03-26 12:04:24,571 - trainer - INFO -     val_loss       : 0.015065756626427174
2025-03-26 12:04:24,571 - trainer - INFO -     val_mse        : 0.015065756626427174
2025-03-26 12:04:24,571 - trainer - INFO -     val_rmse       : 0.12232475578784943
2025-03-26 12:04:24,571 - trainer - INFO -     val_r2_score   : 0.9783980846405029
2025-03-26 12:04:24,618 - trainer - INFO -     epoch          : 48
2025-03-26 12:04:24,618 - trainer - INFO -     loss           : 0.01970636206506579
2025-03-26 12:04:24,618 - trainer - INFO -     mse            : 0.01970636206506579
2025-03-26 12:04:24,618 - trainer - INFO -     rmse           : 0.13989814398465333
2025-03-26 12:04:24,618 - trainer - INFO -     r2_score       : 0.9771057512542164
2025-03-26 12:04:24,618 - trainer - INFO -     val_loss       : 0.013736666552722454
2025-03-26 12:04:24,618 - trainer - INFO -     val_mse        : 0.013736666552722454
2025-03-26 12:04:24,618 - trainer - INFO -     val_rmse       : 0.11692397147417069
2025-03-26 12:04:24,618 - trainer - INFO -     val_r2_score   : 0.9784973781555891
2025-03-26 12:04:24,690 - trainer - INFO -     epoch          : 49
2025-03-26 12:04:24,690 - trainer - INFO -     loss           : 0.01891430315596086
2025-03-26 12:04:24,690 - trainer - INFO -     mse            : 0.01891430315596086
2025-03-26 12:04:24,690 - trainer - INFO -     rmse           : 0.1369366455409262
2025-03-26 12:04:24,690 - trainer - INFO -     r2_score       : 0.9787871777597401
2025-03-26 12:04:24,691 - trainer - INFO -     val_loss       : 0.014219842851161957
2025-03-26 12:04:24,691 - trainer - INFO -     val_mse        : 0.014219842851161957
2025-03-26 12:04:24,691 - trainer - INFO -     val_rmse       : 0.11915359646081924
2025-03-26 12:04:24,691 - trainer - INFO -     val_r2_score   : 0.9780843548476696
2025-03-26 12:04:24,737 - trainer - INFO -     epoch          : 50
2025-03-26 12:04:24,737 - trainer - INFO -     loss           : 0.018413703923148138
2025-03-26 12:04:24,737 - trainer - INFO -     mse            : 0.018413703923148138
2025-03-26 12:04:24,737 - trainer - INFO -     rmse           : 0.13525929219192928
2025-03-26 12:04:24,737 - trainer - INFO -     r2_score       : 0.9775202842256813
2025-03-26 12:04:24,737 - trainer - INFO -     val_loss       : 0.014229002222418786
2025-03-26 12:04:24,737 - trainer - INFO -     val_mse        : 0.014229002222418786
2025-03-26 12:04:24,737 - trainer - INFO -     val_rmse       : 0.1190111666917801
2025-03-26 12:04:24,737 - trainer - INFO -     val_r2_score   : 0.9822193566709757
2025-03-26 12:04:24,739 - trainer - INFO - Saving checkpoint: saved/models/optimal_config/0326_120418/checkpoint-epoch50.pth ...
2025-03-26 12:04:24,786 - trainer - INFO -     epoch          : 51
2025-03-26 12:04:24,786 - trainer - INFO -     loss           : 0.018516701508175443
2025-03-26 12:04:24,786 - trainer - INFO -     mse            : 0.018516701508175443
2025-03-26 12:04:24,786 - trainer - INFO -     rmse           : 0.13524828492491334
2025-03-26 12:04:24,786 - trainer - INFO -     r2_score       : 0.9795748218549071
2025-03-26 12:04:24,786 - trainer - INFO -     val_loss       : 0.018130768090486526
2025-03-26 12:04:24,786 - trainer - INFO -     val_mse        : 0.018130768090486526
2025-03-26 12:04:24,786 - trainer - INFO -     val_rmse       : 0.13293531835079192
2025-03-26 12:04:24,786 - trainer - INFO -     val_r2_score   : 0.9763453660532833
2025-03-26 12:04:24,834 - trainer - INFO -     epoch          : 52
2025-03-26 12:04:24,834 - trainer - INFO -     loss           : 0.018663893419283407
2025-03-26 12:04:24,834 - trainer - INFO -     mse            : 0.018663893419283407
2025-03-26 12:04:24,834 - trainer - INFO -     rmse           : 0.13622169141416196
2025-03-26 12:04:24,834 - trainer - INFO -     r2_score       : 0.9775589138476385
2025-03-26 12:04:24,834 - trainer - INFO -     val_loss       : 0.014790047518908977
2025-03-26 12:04:24,834 - trainer - INFO -     val_mse        : 0.014790047518908977
2025-03-26 12:04:24,834 - trainer - INFO -     val_rmse       : 0.12113241404294968
2025-03-26 12:04:24,834 - trainer - INFO -     val_r2_score   : 0.9801967944949865
2025-03-26 12:04:24,882 - trainer - INFO -     epoch          : 53
2025-03-26 12:04:24,882 - trainer - INFO -     loss           : 0.019228992914711987
2025-03-26 12:04:24,882 - trainer - INFO -     mse            : 0.019228992914711987
2025-03-26 12:04:24,882 - trainer - INFO -     rmse           : 0.13825932559039858
2025-03-26 12:04:24,882 - trainer - INFO -     r2_score       : 0.9765595185604913
2025-03-26 12:04:24,882 - trainer - INFO -     val_loss       : 0.016124833188951016
2025-03-26 12:04:24,882 - trainer - INFO -     val_mse        : 0.016124833188951016
2025-03-26 12:04:24,882 - trainer - INFO -     val_rmse       : 0.12692688405513763
2025-03-26 12:04:24,882 - trainer - INFO -     val_r2_score   : 0.9826967222616076
2025-03-26 12:04:24,929 - trainer - INFO -     epoch          : 54
2025-03-26 12:04:24,929 - trainer - INFO -     loss           : 0.018950970808940905
2025-03-26 12:04:24,930 - trainer - INFO -     mse            : 0.018950970808940905
2025-03-26 12:04:24,930 - trainer - INFO -     rmse           : 0.13717288496317687
2025-03-26 12:04:24,930 - trainer - INFO -     r2_score       : 0.9764152717328182
2025-03-26 12:04:24,930 - trainer - INFO -     val_loss       : 0.014976759999990463
2025-03-26 12:04:24,930 - trainer - INFO -     val_mse        : 0.014976759999990463
2025-03-26 12:04:24,930 - trainer - INFO -     val_rmse       : 0.12206670343875885
2025-03-26 12:04:24,930 - trainer - INFO -     val_r2_score   : 0.9780152447521686
2025-03-26 12:04:24,976 - trainer - INFO -     epoch          : 55
2025-03-26 12:04:24,976 - trainer - INFO -     loss           : 0.01889201667573717
2025-03-26 12:04:24,976 - trainer - INFO -     mse            : 0.01889201667573717
2025-03-26 12:04:24,976 - trainer - INFO -     rmse           : 0.13691816368588694
2025-03-26 12:04:24,977 - trainer - INFO -     r2_score       : 0.9758305416821882
2025-03-26 12:04:24,977 - trainer - INFO -     val_loss       : 0.015059495717287064
2025-03-26 12:04:24,977 - trainer - INFO -     val_mse        : 0.015059495717287064
2025-03-26 12:04:24,977 - trainer - INFO -     val_rmse       : 0.12225156724452972
2025-03-26 12:04:24,977 - trainer - INFO -     val_r2_score   : 0.9808004096150398
2025-03-26 12:04:25,023 - trainer - INFO -     epoch          : 56
2025-03-26 12:04:25,023 - trainer - INFO -     loss           : 0.019882346779383994
2025-03-26 12:04:25,024 - trainer - INFO -     mse            : 0.019882346779383994
2025-03-26 12:04:25,024 - trainer - INFO -     rmse           : 0.14042311630867146
2025-03-26 12:04:25,024 - trainer - INFO -     r2_score       : 0.9742866412701982
2025-03-26 12:04:25,024 - trainer - INFO -     val_loss       : 0.016611067205667497
2025-03-26 12:04:25,024 - trainer - INFO -     val_mse        : 0.016611067205667497
2025-03-26 12:04:25,024 - trainer - INFO -     val_rmse       : 0.12841124683618546
2025-03-26 12:04:25,024 - trainer - INFO -     val_r2_score   : 0.9807728130370379
2025-03-26 12:04:25,071 - trainer - INFO -     epoch          : 57
2025-03-26 12:04:25,071 - trainer - INFO -     loss           : 0.018892381788679847
2025-03-26 12:04:25,071 - trainer - INFO -     mse            : 0.018892381788679847
2025-03-26 12:04:25,071 - trainer - INFO -     rmse           : 0.13699626839823192
2025-03-26 12:04:25,071 - trainer - INFO -     r2_score       : 0.9740955590235966
2025-03-26 12:04:25,071 - trainer - INFO -     val_loss       : 0.019740182161331176
2025-03-26 12:04:25,071 - trainer - INFO -     val_mse        : 0.019740182161331176
2025-03-26 12:04:25,071 - trainer - INFO -     val_rmse       : 0.14031918942928315
2025-03-26 12:04:25,071 - trainer - INFO -     val_r2_score   : 0.9775664374232292
2025-03-26 12:04:25,118 - trainer - INFO -     epoch          : 58
2025-03-26 12:04:25,118 - trainer - INFO -     loss           : 0.01988261303416005
2025-03-26 12:04:25,118 - trainer - INFO -     mse            : 0.01988261303416005
2025-03-26 12:04:25,118 - trainer - INFO -     rmse           : 0.14050317114150082
2025-03-26 12:04:25,118 - trainer - INFO -     r2_score       : 0.9763822163351707
2025-03-26 12:04:25,118 - trainer - INFO -     val_loss       : 0.01435295157134533
2025-03-26 12:04:25,118 - trainer - INFO -     val_mse        : 0.01435295157134533
2025-03-26 12:04:25,118 - trainer - INFO -     val_rmse       : 0.11973171830177307
2025-03-26 12:04:25,118 - trainer - INFO -     val_r2_score   : 0.9850130867213011
2025-03-26 12:04:25,165 - trainer - INFO -     epoch          : 59
2025-03-26 12:04:25,165 - trainer - INFO -     loss           : 0.018570680723146157
2025-03-26 12:04:25,166 - trainer - INFO -     mse            : 0.018570680723146157
2025-03-26 12:04:25,166 - trainer - INFO -     rmse           : 0.13554396121590226
2025-03-26 12:04:25,166 - trainer - INFO -     r2_score       : 0.9766047892885076
2025-03-26 12:04:25,166 - trainer - INFO -     val_loss       : 0.01561186946928501
2025-03-26 12:04:25,166 - trainer - INFO -     val_mse        : 0.01561186946928501
2025-03-26 12:04:25,166 - trainer - INFO -     val_rmse       : 0.12446313053369522
2025-03-26 12:04:25,166 - trainer - INFO -     val_r2_score   : 0.9834796456620097
2025-03-26 12:04:25,212 - trainer - INFO -     epoch          : 60
2025-03-26 12:04:25,212 - trainer - INFO -     loss           : 0.01860192825120908
2025-03-26 12:04:25,212 - trainer - INFO -     mse            : 0.01860192825120908
2025-03-26 12:04:25,212 - trainer - INFO -     rmse           : 0.13563044727952392
2025-03-26 12:04:25,212 - trainer - INFO -     r2_score       : 0.9761913133681648
2025-03-26 12:04:25,212 - trainer - INFO -     val_loss       : 0.01775610204786062
2025-03-26 12:04:25,213 - trainer - INFO -     val_mse        : 0.01775610204786062
2025-03-26 12:04:25,213 - trainer - INFO -     val_rmse       : 0.13257327675819397
2025-03-26 12:04:25,213 - trainer - INFO -     val_r2_score   : 0.9770974358543754
2025-03-26 12:04:25,214 - trainer - INFO - Saving checkpoint: saved/models/optimal_config/0326_120418/checkpoint-epoch60.pth ...
2025-03-26 12:04:25,260 - trainer - INFO -     epoch          : 61
2025-03-26 12:04:25,260 - trainer - INFO -     loss           : 0.017887876851967088
2025-03-26 12:04:25,260 - trainer - INFO -     mse            : 0.017887876851967088
2025-03-26 12:04:25,260 - trainer - INFO -     rmse           : 0.13294264674186707
2025-03-26 12:04:25,260 - trainer - INFO -     r2_score       : 0.9773754711711297
2025-03-26 12:04:25,260 - trainer - INFO -     val_loss       : 0.015340920723974704
2025-03-26 12:04:25,260 - trainer - INFO -     val_mse        : 0.015340920723974704
2025-03-26 12:04:25,260 - trainer - INFO -     val_rmse       : 0.12363836765289307
2025-03-26 12:04:25,260 - trainer - INFO -     val_r2_score   : 0.983173300139606
2025-03-26 12:04:25,307 - trainer - INFO -     epoch          : 62
2025-03-26 12:04:25,307 - trainer - INFO -     loss           : 0.018477079458534718
2025-03-26 12:04:25,307 - trainer - INFO -     mse            : 0.018477079458534718
2025-03-26 12:04:25,307 - trainer - INFO -     rmse           : 0.13547509136023345
2025-03-26 12:04:25,307 - trainer - INFO -     r2_score       : 0.9785039493538163
2025-03-26 12:04:25,307 - trainer - INFO -     val_loss       : 0.015728525444865228
2025-03-26 12:04:25,307 - trainer - INFO -     val_mse        : 0.015728525444865228
2025-03-26 12:04:25,308 - trainer - INFO -     val_rmse       : 0.12467133700847625
2025-03-26 12:04:25,308 - trainer - INFO -     val_r2_score   : 0.9800053006969393
2025-03-26 12:04:25,354 - trainer - INFO -     epoch          : 63
2025-03-26 12:04:25,354 - trainer - INFO -     loss           : 0.017828198356760874
2025-03-26 12:04:25,354 - trainer - INFO -     mse            : 0.017828198356760874
2025-03-26 12:04:25,354 - trainer - INFO -     rmse           : 0.1328799421036685
2025-03-26 12:04:25,354 - trainer - INFO -     r2_score       : 0.9781674490034304
2025-03-26 12:04:25,354 - trainer - INFO -     val_loss       : 0.013468552194535733
2025-03-26 12:04:25,354 - trainer - INFO -     val_mse        : 0.013468552194535733
2025-03-26 12:04:25,354 - trainer - INFO -     val_rmse       : 0.11580885499715805
2025-03-26 12:04:25,354 - trainer - INFO -     val_r2_score   : 0.9818432317115366
2025-03-26 12:04:25,401 - trainer - INFO -     epoch          : 64
2025-03-26 12:04:25,401 - trainer - INFO -     loss           : 0.018433781616665697
2025-03-26 12:04:25,401 - trainer - INFO -     mse            : 0.018433781616665697
2025-03-26 12:04:25,401 - trainer - INFO -     rmse           : 0.13533992954978236
2025-03-26 12:04:25,401 - trainer - INFO -     r2_score       : 0.9770918920705164
2025-03-26 12:04:25,401 - trainer - INFO -     val_loss       : 0.013891382887959481
2025-03-26 12:04:25,401 - trainer - INFO -     val_mse        : 0.013891382887959481
2025-03-26 12:04:25,401 - trainer - INFO -     val_rmse       : 0.11742173731327057
2025-03-26 12:04:25,401 - trainer - INFO -     val_r2_score   : 0.985417864471674
2025-03-26 12:04:25,450 - trainer - INFO -     epoch          : 65
2025-03-26 12:04:25,450 - trainer - INFO -     loss           : 0.017890857601607288
2025-03-26 12:04:25,451 - trainer - INFO -     mse            : 0.017890857601607288
2025-03-26 12:04:25,451 - trainer - INFO -     rmse           : 0.13345266657846946
2025-03-26 12:04:25,451 - trainer - INFO -     r2_score       : 0.9768542274142857
2025-03-26 12:04:25,451 - trainer - INFO -     val_loss       : 0.013887538947165013
2025-03-26 12:04:25,451 - trainer - INFO -     val_mse        : 0.013887538947165013
2025-03-26 12:04:25,451 - trainer - INFO -     val_rmse       : 0.1177316203713417
2025-03-26 12:04:25,451 - trainer - INFO -     val_r2_score   : 0.9852431308478117
2025-03-26 12:04:25,500 - trainer - INFO -     epoch          : 66
2025-03-26 12:04:25,500 - trainer - INFO -     loss           : 0.01830580271780491
2025-03-26 12:04:25,500 - trainer - INFO -     mse            : 0.01830580271780491
2025-03-26 12:04:25,500 - trainer - INFO -     rmse           : 0.1346275171747914
2025-03-26 12:04:25,500 - trainer - INFO -     r2_score       : 0.9755451135958234
2025-03-26 12:04:25,500 - trainer - INFO -     val_loss       : 0.01525355763733387
2025-03-26 12:04:25,500 - trainer - INFO -     val_mse        : 0.01525355763733387
2025-03-26 12:04:25,500 - trainer - INFO -     val_rmse       : 0.1227719858288765
2025-03-26 12:04:25,500 - trainer - INFO -     val_r2_score   : 0.9732369657605886
2025-03-26 12:04:25,547 - trainer - INFO -     epoch          : 67
2025-03-26 12:04:25,547 - trainer - INFO -     loss           : 0.017976019738448992
2025-03-26 12:04:25,547 - trainer - INFO -     mse            : 0.017976019738448992
2025-03-26 12:04:25,547 - trainer - INFO -     rmse           : 0.1334625173498083
2025-03-26 12:04:25,547 - trainer - INFO -     r2_score       : 0.9757180984166486
2025-03-26 12:04:25,547 - trainer - INFO -     val_loss       : 0.013274701312184334
2025-03-26 12:04:25,547 - trainer - INFO -     val_mse        : 0.013274701312184334
2025-03-26 12:04:25,547 - trainer - INFO -     val_rmse       : 0.11468767076730728
2025-03-26 12:04:25,547 - trainer - INFO -     val_r2_score   : 0.9817895461805165
2025-03-26 12:04:25,594 - trainer - INFO -     epoch          : 68
2025-03-26 12:04:25,594 - trainer - INFO -     loss           : 0.01818330751525031
2025-03-26 12:04:25,594 - trainer - INFO -     mse            : 0.01818330751525031
2025-03-26 12:04:25,594 - trainer - INFO -     rmse           : 0.1344365201614521
2025-03-26 12:04:25,594 - trainer - INFO -     r2_score       : 0.979031224562614
2025-03-26 12:04:25,594 - trainer - INFO -     val_loss       : 0.01572713665664196
2025-03-26 12:04:25,594 - trainer - INFO -     val_mse        : 0.01572713665664196
2025-03-26 12:04:25,594 - trainer - INFO -     val_rmse       : 0.1245721623301506
2025-03-26 12:04:25,594 - trainer - INFO -     val_r2_score   : 0.9816000388935209
2025-03-26 12:04:25,640 - trainer - INFO -     epoch          : 69
2025-03-26 12:04:25,640 - trainer - INFO -     loss           : 0.018536429645286664
2025-03-26 12:04:25,641 - trainer - INFO -     mse            : 0.018536429645286664
2025-03-26 12:04:25,641 - trainer - INFO -     rmse           : 0.13561855642883866
2025-03-26 12:04:25,641 - trainer - INFO -     r2_score       : 0.9761833737569826
2025-03-26 12:04:25,641 - trainer - INFO -     val_loss       : 0.013567800633609295
2025-03-26 12:04:25,641 - trainer - INFO -     val_mse        : 0.013567800633609295
2025-03-26 12:04:25,641 - trainer - INFO -     val_rmse       : 0.11623718738555908
2025-03-26 12:04:25,641 - trainer - INFO -     val_r2_score   : 0.985406001843512
2025-03-26 12:04:25,687 - trainer - INFO -     epoch          : 70
2025-03-26 12:04:25,688 - trainer - INFO -     loss           : 0.017646420367613987
2025-03-26 12:04:25,688 - trainer - INFO -     mse            : 0.017646420367613987
2025-03-26 12:04:25,688 - trainer - INFO -     rmse           : 0.13232874235621206
2025-03-26 12:04:25,688 - trainer - INFO -     r2_score       : 0.9797437727727272
2025-03-26 12:04:25,688 - trainer - INFO -     val_loss       : 0.017185989394783975
2025-03-26 12:04:25,688 - trainer - INFO -     val_mse        : 0.017185989394783975
2025-03-26 12:04:25,688 - trainer - INFO -     val_rmse       : 0.13090527206659316
2025-03-26 12:04:25,688 - trainer - INFO -     val_r2_score   : 0.9814569227397442
2025-03-26 12:04:25,689 - trainer - INFO - Saving checkpoint: saved/models/optimal_config/0326_120418/checkpoint-epoch70.pth ...
2025-03-26 12:04:25,735 - trainer - INFO -     epoch          : 71
2025-03-26 12:04:25,735 - trainer - INFO -     loss           : 0.018151697495745286
2025-03-26 12:04:25,735 - trainer - INFO -     mse            : 0.018151697495745286
2025-03-26 12:04:25,735 - trainer - INFO -     rmse           : 0.13423129723027902
2025-03-26 12:04:25,736 - trainer - INFO -     r2_score       : 0.9783436821566688
2025-03-26 12:04:25,736 - trainer - INFO -     val_loss       : 0.014865905232727527
2025-03-26 12:04:25,736 - trainer - INFO -     val_mse        : 0.014865905232727527
2025-03-26 12:04:25,736 - trainer - INFO -     val_rmse       : 0.1214695006608963
2025-03-26 12:04:25,736 - trainer - INFO -     val_r2_score   : 0.9827841652557254
2025-03-26 12:04:25,784 - trainer - INFO -     epoch          : 72
2025-03-26 12:04:25,784 - trainer - INFO -     loss           : 0.01797649036679003
2025-03-26 12:04:25,784 - trainer - INFO -     mse            : 0.01797649036679003
2025-03-26 12:04:25,784 - trainer - INFO -     rmse           : 0.13347288690231465
2025-03-26 12:04:25,784 - trainer - INFO -     r2_score       : 0.9783045469127871
2025-03-26 12:04:25,784 - trainer - INFO -     val_loss       : 0.016883067786693573
2025-03-26 12:04:25,784 - trainer - INFO -     val_mse        : 0.016883067786693573
2025-03-26 12:04:25,784 - trainer - INFO -     val_rmse       : 0.1289992853999138
2025-03-26 12:04:25,784 - trainer - INFO -     val_r2_score   : 0.9757956311106681
2025-03-26 12:04:25,830 - trainer - INFO -     epoch          : 73
2025-03-26 12:04:25,830 - trainer - INFO -     loss           : 0.01866217781962068
2025-03-26 12:04:25,830 - trainer - INFO -     mse            : 0.01866217781962068
2025-03-26 12:04:25,830 - trainer - INFO -     rmse           : 0.13619335244099298
2025-03-26 12:04:25,831 - trainer - INFO -     r2_score       : 0.9758941449431909
2025-03-26 12:04:25,831 - trainer - INFO -     val_loss       : 0.013782155327498912
2025-03-26 12:04:25,831 - trainer - INFO -     val_mse        : 0.013782155327498912
2025-03-26 12:04:25,831 - trainer - INFO -     val_rmse       : 0.11695500016212464
2025-03-26 12:04:25,831 - trainer - INFO -     val_r2_score   : 0.9804375873878598
2025-03-26 12:04:25,878 - trainer - INFO -     epoch          : 74
2025-03-26 12:04:25,878 - trainer - INFO -     loss           : 0.018717271620752634
2025-03-26 12:04:25,878 - trainer - INFO -     mse            : 0.018717271620752634
2025-03-26 12:04:25,878 - trainer - INFO -     rmse           : 0.13622731743035493
2025-03-26 12:04:25,878 - trainer - INFO -     r2_score       : 0.9738489100709558
2025-03-26 12:04:25,878 - trainer - INFO -     val_loss       : 0.015607845224440097
2025-03-26 12:04:25,878 - trainer - INFO -     val_mse        : 0.015607845224440097
2025-03-26 12:04:25,879 - trainer - INFO -     val_rmse       : 0.12465198040008545
2025-03-26 12:04:25,879 - trainer - INFO -     val_r2_score   : 0.9825643420219421
2025-03-26 12:04:25,931 - trainer - INFO -     epoch          : 75
2025-03-26 12:04:25,931 - trainer - INFO -     loss           : 0.018579837003791774
2025-03-26 12:04:25,931 - trainer - INFO -     mse            : 0.018579837003791774
2025-03-26 12:04:25,931 - trainer - INFO -     rmse           : 0.1357132108123214
2025-03-26 12:04:25,931 - trainer - INFO -     r2_score       : 0.9781961785974326
2025-03-26 12:04:25,931 - trainer - INFO -     val_loss       : 0.014266158267855645
2025-03-26 12:04:25,931 - trainer - INFO -     val_mse        : 0.014266158267855645
2025-03-26 12:04:25,931 - trainer - INFO -     val_rmse       : 0.1187695786356926
2025-03-26 12:04:25,932 - trainer - INFO -     val_r2_score   : 0.9851436151191593
2025-03-26 12:04:25,977 - trainer - INFO -     epoch          : 76
2025-03-26 12:04:25,977 - trainer - INFO -     loss           : 0.018027493695693987
2025-03-26 12:04:25,977 - trainer - INFO -     mse            : 0.018027493695693987
2025-03-26 12:04:25,977 - trainer - INFO -     rmse           : 0.13369894496820592
2025-03-26 12:04:25,977 - trainer - INFO -     r2_score       : 0.9784134304219926
2025-03-26 12:04:25,977 - trainer - INFO -     val_loss       : 0.015124836750328541
2025-03-26 12:04:25,977 - trainer - INFO -     val_mse        : 0.015124836750328541
2025-03-26 12:04:25,977 - trainer - INFO -     val_rmse       : 0.12172850221395493
2025-03-26 12:04:25,977 - trainer - INFO -     val_r2_score   : 0.9816929989494383
2025-03-26 12:04:26,023 - trainer - INFO -     epoch          : 77
2025-03-26 12:04:26,023 - trainer - INFO -     loss           : 0.018109633138886205
2025-03-26 12:04:26,023 - trainer - INFO -     mse            : 0.018109633138886205
2025-03-26 12:04:26,023 - trainer - INFO -     rmse           : 0.1339778224075282
2025-03-26 12:04:26,023 - trainer - INFO -     r2_score       : 0.9781021527877009
2025-03-26 12:04:26,023 - trainer - INFO -     val_loss       : 0.016163476184010504
2025-03-26 12:04:26,023 - trainer - INFO -     val_mse        : 0.016163476184010504
2025-03-26 12:04:26,023 - trainer - INFO -     val_rmse       : 0.12672779709100723
2025-03-26 12:04:26,023 - trainer - INFO -     val_r2_score   : 0.9816218499094248
2025-03-26 12:04:26,089 - trainer - INFO -     epoch          : 78
2025-03-26 12:04:26,089 - trainer - INFO -     loss           : 0.018071368854078982
2025-03-26 12:04:26,089 - trainer - INFO -     mse            : 0.018071368854078982
2025-03-26 12:04:26,089 - trainer - INFO -     rmse           : 0.13398437836655863
2025-03-26 12:04:26,089 - trainer - INFO -     r2_score       : 0.9775897232229235
2025-03-26 12:04:26,089 - trainer - INFO -     val_loss       : 0.014108319208025933
2025-03-26 12:04:26,089 - trainer - INFO -     val_mse        : 0.014108319208025933
2025-03-26 12:04:26,089 - trainer - INFO -     val_rmse       : 0.11862754076719284
2025-03-26 12:04:26,089 - trainer - INFO -     val_r2_score   : 0.9837457098066806
2025-03-26 12:04:26,134 - trainer - INFO -     epoch          : 79
2025-03-26 12:04:26,134 - trainer - INFO -     loss           : 0.019381056056806335
2025-03-26 12:04:26,134 - trainer - INFO -     mse            : 0.019381056056806335
2025-03-26 12:04:26,134 - trainer - INFO -     rmse           : 0.13866706799577783
2025-03-26 12:04:26,135 - trainer - INFO -     r2_score       : 0.9748328706870476
2025-03-26 12:04:26,135 - trainer - INFO -     val_loss       : 0.01609009727835655
2025-03-26 12:04:26,135 - trainer - INFO -     val_mse        : 0.01609009727835655
2025-03-26 12:04:26,135 - trainer - INFO -     val_rmse       : 0.12621234059333802
2025-03-26 12:04:26,135 - trainer - INFO -     val_r2_score   : 0.9780439011752605
2025-03-26 12:04:26,180 - trainer - INFO -     epoch          : 80
2025-03-26 12:04:26,180 - trainer - INFO -     loss           : 0.01883454027551192
2025-03-26 12:04:26,180 - trainer - INFO -     mse            : 0.01883454027551192
2025-03-26 12:04:26,180 - trainer - INFO -     rmse           : 0.13686148160033756
2025-03-26 12:04:26,180 - trainer - INFO -     r2_score       : 0.9777498433918312
2025-03-26 12:04:26,180 - trainer - INFO -     val_loss       : 0.015089954808354377
2025-03-26 12:04:26,180 - trainer - INFO -     val_mse        : 0.015089954808354377
2025-03-26 12:04:26,180 - trainer - INFO -     val_rmse       : 0.12273793816566467
2025-03-26 12:04:26,180 - trainer - INFO -     val_r2_score   : 0.9838419681414962
2025-03-26 12:04:26,181 - trainer - INFO - Saving checkpoint: saved/models/optimal_config/0326_120418/checkpoint-epoch80.pth ...
2025-03-26 12:04:26,226 - trainer - INFO -     epoch          : 81
2025-03-26 12:04:26,226 - trainer - INFO -     loss           : 0.017915910592785588
2025-03-26 12:04:26,226 - trainer - INFO -     mse            : 0.017915910592785588
2025-03-26 12:04:26,226 - trainer - INFO -     rmse           : 0.13348346617486742
2025-03-26 12:04:26,226 - trainer - INFO -     r2_score       : 0.979695956947075
2025-03-26 12:04:26,226 - trainer - INFO -     val_loss       : 0.014080636762082576
2025-03-26 12:04:26,226 - trainer - INFO -     val_mse        : 0.014080636762082576
2025-03-26 12:04:26,226 - trainer - INFO -     val_rmse       : 0.11807918101549149
2025-03-26 12:04:26,226 - trainer - INFO -     val_r2_score   : 0.9793832011520862
2025-03-26 12:04:26,271 - trainer - INFO -     epoch          : 82
2025-03-26 12:04:26,271 - trainer - INFO -     loss           : 0.017435411543205933
2025-03-26 12:04:26,271 - trainer - INFO -     mse            : 0.017435411543205933
2025-03-26 12:04:26,271 - trainer - INFO -     rmse           : 0.13148749536938137
2025-03-26 12:04:26,271 - trainer - INFO -     r2_score       : 0.9780059920761872
2025-03-26 12:04:26,271 - trainer - INFO -     val_loss       : 0.014083649590611457
2025-03-26 12:04:26,271 - trainer - INFO -     val_mse        : 0.014083649590611457
2025-03-26 12:04:26,271 - trainer - INFO -     val_rmse       : 0.11797165423631668
2025-03-26 12:04:26,271 - trainer - INFO -     val_r2_score   : 0.9826312826946377
2025-03-26 12:04:26,316 - trainer - INFO -     epoch          : 83
2025-03-26 12:04:26,316 - trainer - INFO -     loss           : 0.017395347908691124
2025-03-26 12:04:26,316 - trainer - INFO -     mse            : 0.017395347908691124
2025-03-26 12:04:26,316 - trainer - INFO -     rmse           : 0.13161568260855144
2025-03-26 12:04:26,316 - trainer - INFO -     r2_score       : 0.9769247569902627
2025-03-26 12:04:26,317 - trainer - INFO -     val_loss       : 0.01401313003152609
2025-03-26 12:04:26,317 - trainer - INFO -     val_mse        : 0.01401313003152609
2025-03-26 12:04:26,317 - trainer - INFO -     val_rmse       : 0.11810769587755203
2025-03-26 12:04:26,317 - trainer - INFO -     val_r2_score   : 0.9850560192018747
2025-03-26 12:04:26,363 - trainer - INFO -     epoch          : 84
2025-03-26 12:04:26,363 - trainer - INFO -     loss           : 0.017321175585190456
2025-03-26 12:04:26,363 - trainer - INFO -     mse            : 0.017321175585190456
2025-03-26 12:04:26,363 - trainer - INFO -     rmse           : 0.13095579379134709
2025-03-26 12:04:26,363 - trainer - INFO -     r2_score       : 0.9785143759239603
2025-03-26 12:04:26,363 - trainer - INFO -     val_loss       : 0.014064516313374043
2025-03-26 12:04:26,363 - trainer - INFO -     val_mse        : 0.014064516313374043
2025-03-26 12:04:26,363 - trainer - INFO -     val_rmse       : 0.11825861036777496
2025-03-26 12:04:26,363 - trainer - INFO -     val_r2_score   : 0.9842279382050038
2025-03-26 12:04:26,410 - trainer - INFO -     epoch          : 85
2025-03-26 12:04:26,410 - trainer - INFO -     loss           : 0.017960081187387306
2025-03-26 12:04:26,410 - trainer - INFO -     mse            : 0.017960081187387306
2025-03-26 12:04:26,410 - trainer - INFO -     rmse           : 0.1334559691173059
2025-03-26 12:04:26,410 - trainer - INFO -     r2_score       : 0.9778166473498223
2025-03-26 12:04:26,410 - trainer - INFO -     val_loss       : 0.013989025726914406
2025-03-26 12:04:26,410 - trainer - INFO -     val_mse        : 0.013989025726914406
2025-03-26 12:04:26,410 - trainer - INFO -     val_rmse       : 0.11813390105962754
2025-03-26 12:04:26,410 - trainer - INFO -     val_r2_score   : 0.979997169971466
2025-03-26 12:04:26,458 - trainer - INFO -     epoch          : 86
2025-03-26 12:04:26,459 - trainer - INFO -     loss           : 0.01766336126321996
2025-03-26 12:04:26,459 - trainer - INFO -     mse            : 0.01766336126321996
2025-03-26 12:04:26,459 - trainer - INFO -     rmse           : 0.1325014098374932
2025-03-26 12:04:26,459 - trainer - INFO -     r2_score       : 0.9783360410343718
2025-03-26 12:04:26,459 - trainer - INFO -     val_loss       : 0.01337842009961605
2025-03-26 12:04:26,459 - trainer - INFO -     val_mse        : 0.01337842009961605
2025-03-26 12:04:26,459 - trainer - INFO -     val_rmse       : 0.11536930352449418
2025-03-26 12:04:26,459 - trainer - INFO -     val_r2_score   : 0.9826440803706646
2025-03-26 12:04:26,507 - trainer - INFO -     epoch          : 87
2025-03-26 12:04:26,507 - trainer - INFO -     loss           : 0.017708987618486088
2025-03-26 12:04:26,507 - trainer - INFO -     mse            : 0.017708987618486088
2025-03-26 12:04:26,507 - trainer - INFO -     rmse           : 0.13268824777117483
2025-03-26 12:04:26,507 - trainer - INFO -     r2_score       : 0.9788103691750655
2025-03-26 12:04:26,507 - trainer - INFO -     val_loss       : 0.014827210083603859
2025-03-26 12:04:26,507 - trainer - INFO -     val_mse        : 0.014827210083603859
2025-03-26 12:04:26,507 - trainer - INFO -     val_rmse       : 0.12096217572689057
2025-03-26 12:04:26,507 - trainer - INFO -     val_r2_score   : 0.9841882547363638
2025-03-26 12:04:26,554 - trainer - INFO -     epoch          : 88
2025-03-26 12:04:26,554 - trainer - INFO -     loss           : 0.017333593150531804
2025-03-26 12:04:26,554 - trainer - INFO -     mse            : 0.017333593150531804
2025-03-26 12:04:26,554 - trainer - INFO -     rmse           : 0.13120927606467847
2025-03-26 12:04:26,554 - trainer - INFO -     r2_score       : 0.9784740837014936
2025-03-26 12:04:26,554 - trainer - INFO -     val_loss       : 0.0133368955925107
2025-03-26 12:04:26,554 - trainer - INFO -     val_mse        : 0.0133368955925107
2025-03-26 12:04:26,554 - trainer - INFO -     val_rmse       : 0.11465066224336624
2025-03-26 12:04:26,554 - trainer - INFO -     val_r2_score   : 0.9853229632601141
2025-03-26 12:04:26,601 - trainer - INFO -     epoch          : 89
2025-03-26 12:04:26,601 - trainer - INFO -     loss           : 0.017533807739339494
2025-03-26 12:04:26,601 - trainer - INFO -     mse            : 0.017533807739339494
2025-03-26 12:04:26,601 - trainer - INFO -     rmse           : 0.13206640741339437
2025-03-26 12:04:26,601 - trainer - INFO -     r2_score       : 0.9782363340534546
2025-03-26 12:04:26,601 - trainer - INFO -     val_loss       : 0.01372138187289238
2025-03-26 12:04:26,601 - trainer - INFO -     val_mse        : 0.01372138187289238
2025-03-26 12:04:26,601 - trainer - INFO -     val_rmse       : 0.1170246958732605
2025-03-26 12:04:26,601 - trainer - INFO -     val_r2_score   : 0.9846436874940991
2025-03-26 12:04:26,649 - trainer - INFO -     epoch          : 90
2025-03-26 12:04:26,649 - trainer - INFO -     loss           : 0.017304101544949744
2025-03-26 12:04:26,649 - trainer - INFO -     mse            : 0.017304101544949744
2025-03-26 12:04:26,649 - trainer - INFO -     rmse           : 0.1310506021534955
2025-03-26 12:04:26,649 - trainer - INFO -     r2_score       : 0.9801587770796485
2025-03-26 12:04:26,649 - trainer - INFO -     val_loss       : 0.014717425778508186
2025-03-26 12:04:26,649 - trainer - INFO -     val_mse        : 0.014717425778508186
2025-03-26 12:04:26,649 - trainer - INFO -     val_rmse       : 0.12107176482677459
2025-03-26 12:04:26,649 - trainer - INFO -     val_r2_score   : 0.9832198493182659
2025-03-26 12:04:26,650 - trainer - INFO - Saving checkpoint: saved/models/optimal_config/0326_120418/checkpoint-epoch90.pth ...
2025-03-26 12:04:26,697 - trainer - INFO -     epoch          : 91
2025-03-26 12:04:26,697 - trainer - INFO -     loss           : 0.01750727822245271
2025-03-26 12:04:26,697 - trainer - INFO -     mse            : 0.01750727822245271
2025-03-26 12:04:26,697 - trainer - INFO -     rmse           : 0.1320414435532358
2025-03-26 12:04:26,697 - trainer - INFO -     r2_score       : 0.9766376017834302
2025-03-26 12:04:26,697 - trainer - INFO -     val_loss       : 0.016908557340502738
2025-03-26 12:04:26,698 - trainer - INFO -     val_mse        : 0.016908557340502738
2025-03-26 12:04:26,698 - trainer - INFO -     val_rmse       : 0.1296776294708252
2025-03-26 12:04:26,698 - trainer - INFO -     val_r2_score   : 0.9826482610777021
2025-03-26 12:04:26,746 - trainer - INFO -     epoch          : 92
2025-03-26 12:04:26,747 - trainer - INFO -     loss           : 0.018133828071532427
2025-03-26 12:04:26,747 - trainer - INFO -     mse            : 0.018133828071532427
2025-03-26 12:04:26,747 - trainer - INFO -     rmse           : 0.13408545901377997
2025-03-26 12:04:26,747 - trainer - INFO -     r2_score       : 0.9786893047599329
2025-03-26 12:04:26,747 - trainer - INFO -     val_loss       : 0.0148108696565032
2025-03-26 12:04:26,747 - trainer - INFO -     val_mse        : 0.0148108696565032
2025-03-26 12:04:26,747 - trainer - INFO -     val_rmse       : 0.12141240984201432
2025-03-26 12:04:26,747 - trainer - INFO -     val_r2_score   : 0.9773781748488546
2025-03-26 12:04:26,794 - trainer - INFO -     epoch          : 93
2025-03-26 12:04:26,794 - trainer - INFO -     loss           : 0.017653896024933568
2025-03-26 12:04:26,794 - trainer - INFO -     mse            : 0.017653896024933568
2025-03-26 12:04:26,794 - trainer - INFO -     rmse           : 0.1324293472700649
2025-03-26 12:04:26,794 - trainer - INFO -     r2_score       : 0.9789158497695569
2025-03-26 12:04:26,794 - trainer - INFO -     val_loss       : 0.013681430369615555
2025-03-26 12:04:26,794 - trainer - INFO -     val_mse        : 0.013681430369615555
2025-03-26 12:04:26,794 - trainer - INFO -     val_rmse       : 0.11681772321462632
2025-03-26 12:04:26,794 - trainer - INFO -     val_r2_score   : 0.9853924684226513
2025-03-26 12:04:26,841 - trainer - INFO -     epoch          : 94
2025-03-26 12:04:26,841 - trainer - INFO -     loss           : 0.0175237488001585
2025-03-26 12:04:26,841 - trainer - INFO -     mse            : 0.0175237488001585
2025-03-26 12:04:26,841 - trainer - INFO -     rmse           : 0.13206888404157427
2025-03-26 12:04:26,841 - trainer - INFO -     r2_score       : 0.9768427986720646
2025-03-26 12:04:26,841 - trainer - INFO -     val_loss       : 0.01404158417135477
2025-03-26 12:04:26,841 - trainer - INFO -     val_mse        : 0.01404158417135477
2025-03-26 12:04:26,841 - trainer - INFO -     val_rmse       : 0.11803390234708785
2025-03-26 12:04:26,841 - trainer - INFO -     val_r2_score   : 0.9839395144023001
2025-03-26 12:04:26,889 - trainer - INFO -     epoch          : 95
2025-03-26 12:04:26,889 - trainer - INFO -     loss           : 0.017696036715750343
2025-03-26 12:04:26,889 - trainer - INFO -     mse            : 0.017696036715750343
2025-03-26 12:04:26,889 - trainer - INFO -     rmse           : 0.13256674508253732
2025-03-26 12:04:26,889 - trainer - INFO -     r2_score       : 0.9785077107414879
2025-03-26 12:04:26,889 - trainer - INFO -     val_loss       : 0.014533765241503715
2025-03-26 12:04:26,889 - trainer - INFO -     val_mse        : 0.014533765241503715
2025-03-26 12:04:26,889 - trainer - INFO -     val_rmse       : 0.11978185325860977
2025-03-26 12:04:26,889 - trainer - INFO -     val_r2_score   : 0.9835253985598683
2025-03-26 12:04:26,938 - trainer - INFO -     epoch          : 96
2025-03-26 12:04:26,938 - trainer - INFO -     loss           : 0.01756692898494226
2025-03-26 12:04:26,938 - trainer - INFO -     mse            : 0.01756692898494226
2025-03-26 12:04:26,938 - trainer - INFO -     rmse           : 0.13217964878788702
2025-03-26 12:04:26,938 - trainer - INFO -     r2_score       : 0.9778394187559132
2025-03-26 12:04:26,938 - trainer - INFO -     val_loss       : 0.013748397305607795
2025-03-26 12:04:26,938 - trainer - INFO -     val_mse        : 0.013748397305607795
2025-03-26 12:04:26,938 - trainer - INFO -     val_rmse       : 0.11689712703227997
2025-03-26 12:04:26,938 - trainer - INFO -     val_r2_score   : 0.9858200315386056
2025-03-26 12:04:26,986 - trainer - INFO -     epoch          : 97
2025-03-26 12:04:26,986 - trainer - INFO -     loss           : 0.017568968926314956
2025-03-26 12:04:26,986 - trainer - INFO -     mse            : 0.017568968926314956
2025-03-26 12:04:26,986 - trainer - INFO -     rmse           : 0.1320529224144088
2025-03-26 12:04:26,986 - trainer - INFO -     r2_score       : 0.9787880022389194
2025-03-26 12:04:26,986 - trainer - INFO -     val_loss       : 0.013918363116681575
2025-03-26 12:04:26,986 - trainer - INFO -     val_mse        : 0.013918363116681575
2025-03-26 12:04:26,986 - trainer - INFO -     val_rmse       : 0.11695488542318344
2025-03-26 12:04:26,986 - trainer - INFO -     val_r2_score   : 0.9835505252704024
2025-03-26 12:04:27,034 - trainer - INFO -     epoch          : 98
2025-03-26 12:04:27,034 - trainer - INFO -     loss           : 0.017303618533467804
2025-03-26 12:04:27,034 - trainer - INFO -     mse            : 0.017303618533467804
2025-03-26 12:04:27,034 - trainer - INFO -     rmse           : 0.13098892403973472
2025-03-26 12:04:27,034 - trainer - INFO -     r2_score       : 0.9790314053426739
2025-03-26 12:04:27,034 - trainer - INFO -     val_loss       : 0.014167840033769608
2025-03-26 12:04:27,034 - trainer - INFO -     val_mse        : 0.014167840033769608
2025-03-26 12:04:27,034 - trainer - INFO -     val_rmse       : 0.11873656660318374
2025-03-26 12:04:27,034 - trainer - INFO -     val_r2_score   : 0.9840767776593566
2025-03-26 12:04:27,081 - trainer - INFO -     epoch          : 99
2025-03-26 12:04:27,081 - trainer - INFO -     loss           : 0.017458108771178458
2025-03-26 12:04:27,081 - trainer - INFO -     mse            : 0.017458108771178458
2025-03-26 12:04:27,081 - trainer - INFO -     rmse           : 0.13174752918658433
2025-03-26 12:04:27,081 - trainer - INFO -     r2_score       : 0.9803287457605755
2025-03-26 12:04:27,081 - trainer - INFO -     val_loss       : 0.014160070568323135
2025-03-26 12:04:27,081 - trainer - INFO -     val_mse        : 0.014160070568323135
2025-03-26 12:04:27,081 - trainer - INFO -     val_rmse       : 0.11874998658895493
2025-03-26 12:04:27,081 - trainer - INFO -     val_r2_score   : 0.9827582830563187
2025-03-26 12:04:27,127 - trainer - INFO -     epoch          : 100
2025-03-26 12:04:27,127 - trainer - INFO -     loss           : 0.017836209421080572
2025-03-26 12:04:27,127 - trainer - INFO -     mse            : 0.017836209421080572
2025-03-26 12:04:27,127 - trainer - INFO -     rmse           : 0.1330499149583004
2025-03-26 12:04:27,127 - trainer - INFO -     r2_score       : 0.980514847294048
2025-03-26 12:04:27,127 - trainer - INFO -     val_loss       : 0.014335417933762074
2025-03-26 12:04:27,127 - trainer - INFO -     val_mse        : 0.014335417933762074
2025-03-26 12:04:27,127 - trainer - INFO -     val_rmse       : 0.11972642242908478
2025-03-26 12:04:27,127 - trainer - INFO -     val_r2_score   : 0.9825871946290136
2025-03-26 12:04:27,128 - trainer - INFO - Saving checkpoint: saved/models/optimal_config/0326_120418/checkpoint-epoch100.pth ...
